<?xml version="1.0" encoding="UTF-8"?>
<!-- Generated by org.testng.reporters.JUnitReportReporter -->
<testsuite hostname="Admin-PC" failures="0" tests="1" name="Test.googlesearch" time="0.270" errors="0" timestamp="2022-06-08T16:04:37 IST" skipped="0">
  <testcase classname="Test.googlesearch" name="search" time="0.270"/>
  <system-out/>
</testsuite> <!-- Test.googlesearch -->
