<?xml version="1.0" encoding="UTF-8"?>
<!-- Generated by org.testng.reporters.JUnitReportReporter -->
<testsuite hostname="LIN30000668" failures="0" tests="2" name="TestNG_sample_codes.TestNg_sample2" time="12.588" errors="0" timestamp="2022-07-14T12:54:49 IST" skipped="0">
  <testcase classname="TestNG_sample_codes.TestNg_sample2" name="Test1" time="12.563"/>
  <system-out/>
  <testcase classname="TestNG_sample_codes.TestNg_sample2" name="Test2" time="0.025"/>
  <system-out/>
</testsuite> <!-- TestNG_sample_codes.TestNg_sample2 -->
