<?xml version="1.0" encoding="UTF-8"?>
<!-- Generated by org.testng.reporters.JUnitReportReporter -->
<testsuite hostname="LIN30000668" failures="0" tests="1" name="TestNG_sample_codes.KahlsSearch" time="0.034" errors="1" timestamp="2022-07-15T10:27:39 IST" skipped="0">
  <testcase classname="TestNG_sample_codes.KahlsSearch" name="SearchProduct" time="0.034">
    <error type="java.lang.StackOverflowError">
      <![CDATA[java.lang.StackOverflowError
at TestNG_sample_codes.AmazonSearchProduct.SearchTextAmazon(AmazonSearchProduct.java:23)
at TestNG_sample_codes.AmazonSearchProduct.SearchTextAmazon(AmazonSearchProduct.java:23)
at TestNG_sample_codes.AmazonSearchProduct.SearchTextAmazon(AmazonSearchProduct.java:23)
at TestNG_sample_codes.AmazonSearchProduct.SearchTextAmazon(AmazonSearchProduct.java:23)
at TestNG_sample_codes.AmazonSearchProduct.SearchTextAmazon(AmazonSearchProduct.java:23)
at TestNG_sample_codes.AmazonSearchProduct.SearchTextAmazon(AmazonSearchProduct.java:23)
at TestNG_sample_codes.AmazonSearchProduct.SearchTextAmazon(AmazonSearchProduct.java:23)
at TestNG_sample_codes.AmazonSearchProduct.SearchTextAmazon(AmazonSearchProduct.java:23)
at TestNG_sample_codes.AmazonSearchProduct.SearchTextAmazon(AmazonSearchProduct.java:23)
at TestNG_sample_codes.AmazonSearchProduct.SearchTextAmazon(AmazonSearchProduct.java:23)
at TestNG_sample_codes.AmazonSearchProduct.SearchTextAmazon(AmazonSearchProduct.java:23)
at TestNG_sample_codes.AmazonSearchProduct.SearchTextAmazon(AmazonSearchProduct.java:23)
at TestNG_sample_codes.AmazonSearchProduct.SearchTextAmazon(AmazonSearchProduct.java:23)
at TestNG_sample_codes.AmazonSearchProduct.SearchTextAmazon(AmazonSearchProduct.java:23)
at TestNG_sample_codes.AmazonSearchProduct.SearchTextAmazon(AmazonSearchProduct.java:23)
at TestNG_sample_codes.AmazonSearchProduct.SearchTextAmazon(AmazonSearchProduct.java:23)
at TestNG_sample_codes.AmazonSearchProduct.SearchTextAmazon(AmazonSearchProduct.java:23)
at TestNG_sample_codes.AmazonSearchProduct.SearchTextAmazon(AmazonSearchProduct.java:23)
at TestNG_sample_codes.AmazonSearchProduct.SearchTextAmazon(AmazonSearchProduct.java:23)
at TestNG_sample_codes.AmazonSearchProduct.SearchTextAmazon(AmazonSearchProduct.java:23)
at TestNG_sample_codes.AmazonSearchProduct.SearchTextAmazon(AmazonSearchProduct.java:23)
at TestNG_sample_codes.AmazonSearchProduct.SearchTextAmazon(AmazonSearchProduct.java:23)
at TestNG_sample_codes.AmazonSearchProduct.SearchTextAmazon(AmazonSearchProduct.java:23)
at TestNG_sample_codes.AmazonSearchProduct.SearchTextAmazon(AmazonSearchProduct.java:23)
at TestNG_sample_codes.AmazonSearchProduct.SearchTextAmazon(AmazonSearchProduct.java:23)
at TestNG_sample_codes.AmazonSearchProduct.SearchTextAmazon(AmazonSearchProduct.java:23)
at TestNG_sample_codes.AmazonSearchProduct.SearchTextAmazon(AmazonSearchProduct.java:23)
at TestNG_sample_codes.AmazonSearchProduct.SearchTextAmazon(AmazonSearchProduct.java:23)
at TestNG_sample_codes.AmazonSearchProduct.SearchTextAmazon(AmazonSearchProduct.java:23)
at TestNG_sample_codes.AmazonSearchProduct.SearchTextAmazon(AmazonSearchProduct.java:23)
at TestNG_sample_codes.AmazonSearchProduct.SearchTextAmazon(AmazonSearchProduct.java:23)
at TestNG_sample_codes.AmazonSearchProduct.SearchTextAmazon(AmazonSearchProduct.java:23)
at TestNG_sample_codes.AmazonSearchProduct.SearchTextAmazon(AmazonSearchProduct.java:23)
at TestNG_sample_codes.AmazonSearchProduct.SearchTextAmazon(AmazonSearchProduct.java:23)
at TestNG_sample_codes.AmazonSearchProduct.SearchTextAmazon(AmazonSearchProduct.java:23)
at TestNG_sample_codes.AmazonSearchProduct.SearchTextAmazon(AmazonSearchProduct.java:23)
at TestNG_sample_codes.AmazonSearchProduct.SearchTextAmazon(AmazonSearchProduct.java:23)
at TestNG_sample_codes.AmazonSearchProduct.SearchTextAmazon(AmazonSearchProduct.java:23)
at TestNG_sample_codes.AmazonSearchProduct.SearchTextAmazon(AmazonSearchProduct.java:23)
at TestNG_sample_codes.AmazonSearchProduct.SearchTextAmazon(AmazonSearchProduct.java:23)
at TestNG_sample_codes.AmazonSearchProduct.SearchTextAmazon(AmazonSearchProduct.java:23)
at TestNG_sample_codes.AmazonSearchProduct.SearchTextAmazon(AmazonSearchProduct.java:23)
at TestNG_sample_codes.AmazonSearchProduct.SearchTextAmazon(AmazonSearchProduct.java:23)
at TestNG_sample_codes.AmazonSearchProduct.SearchTextAmazon(AmazonSearchProduct.java:23)
at TestNG_sample_codes.AmazonSearchProduct.SearchTextAmazon(AmazonSearchProduct.java:23)
at TestNG_sample_codes.AmazonSearchProduct.SearchTextAmazon(AmazonSearchProduct.java:23)
at TestNG_sample_codes.AmazonSearchProduct.SearchTextAmazon(AmazonSearchProduct.java:23)
at TestNG_sample_codes.AmazonSearchProduct.SearchTextAmazon(AmazonSearchProduct.java:23)
at TestNG_sample_codes.AmazonSearchProduct.SearchTextAmazon(AmazonSearchProduct.java:23)
at TestNG_sample_codes.AmazonSearchProduct.SearchTextAmazon(AmazonSearchProduct.java:23)
at TestNG_sample_codes.AmazonSearchProduct.SearchTextAmazon(AmazonSearchProduct.java:23)
at TestNG_sample_codes.AmazonSearchProduct.SearchTextAmazon(AmazonSearchProduct.java:23)
at TestNG_sample_codes.AmazonSearchProduct.SearchTextAmazon(AmazonSearchProduct.java:23)
at TestNG_sample_codes.AmazonSearchProduct.SearchTextAmazon(AmazonSearchProduct.java:23)
at TestNG_sample_codes.AmazonSearchProduct.SearchTextAmazon(AmazonSearchProduct.java:23)
at TestNG_sample_codes.AmazonSearchProduct.SearchTextAmazon(AmazonSearchProduct.java:23)
at TestNG_sample_codes.AmazonSearchProduct.SearchTextAmazon(AmazonSearchProduct.java:23)
at TestNG_sample_codes.AmazonSearchProduct.SearchTextAmazon(AmazonSearchProduct.java:23)
at TestNG_sample_codes.AmazonSearchProduct.SearchTextAmazon(AmazonSearchProduct.java:23)
at TestNG_sample_codes.AmazonSearchProduct.SearchTextAmazon(AmazonSearchProduct.java:23)
at TestNG_sample_codes.AmazonSearchProduct.SearchTextAmazon(AmazonSearchProduct.java:23)
at TestNG_sample_codes.AmazonSearchProduct.SearchTextAmazon(AmazonSearchProduct.java:23)
at TestNG_sample_codes.AmazonSearchProduct.SearchTextAmazon(AmazonSearchProduct.java:23)
at TestNG_sample_codes.AmazonSearchProduct.SearchTextAmazon(AmazonSearchProduct.java:23)
at TestNG_sample_codes.AmazonSearchProduct.SearchTextAmazon(AmazonSearchProduct.java:23)
at TestNG_sample_codes.AmazonSearchProduct.SearchTextAmazon(AmazonSearchProduct.java:23)
at TestNG_sample_codes.AmazonSearchProduct.SearchTextAmazon(AmazonSearchProduct.java:23)
at TestNG_sample_codes.AmazonSearchProduct.SearchTextAmazon(AmazonSearchProduct.java:23)
at TestNG_sample_codes.AmazonSearchProduct.SearchTextAmazon(AmazonSearchProduct.java:23)
at TestNG_sample_codes.AmazonSearchProduct.SearchTextAmazon(AmazonSearchProduct.java:23)
at TestNG_sample_codes.AmazonSearchProduct.SearchTextAmazon(AmazonSearchProduct.java:23)
at TestNG_sample_codes.AmazonSearchProduct.SearchTextAmazon(AmazonSearchProduct.java:23)
at TestNG_sample_codes.AmazonSearchProduct.SearchTextAmazon(AmazonSearchProduct.java:23)
at TestNG_sample_codes.AmazonSearchProduct.SearchTextAmazon(AmazonSearchProduct.java:23)
at TestNG_sample_codes.AmazonSearchProduct.SearchTextAmazon(AmazonSearchProduct.java:23)
at TestNG_sample_codes.AmazonSearchProduct.SearchTextAmazon(AmazonSearchProduct.java:23)
at TestNG_sample_codes.AmazonSearchProduct.SearchTextAmazon(AmazonSearchProduct.java:23)
at TestNG_sample_codes.AmazonSearchProduct.SearchTextAmazon(AmazonSearchProduct.java:23)
at TestNG_sample_codes.AmazonSearchProduct.SearchTextAmazon(AmazonSearchProduct.java:23)
at TestNG_sample_codes.AmazonSearchProduct.SearchTextAmazon(AmazonSearchProduct.java:23)
at TestNG_sample_codes.AmazonSearchProduct.SearchTextAmazon(AmazonSearchProduct.java:23)
at TestNG_sample_codes.AmazonSearchProduct.SearchTextAmazon(AmazonSearchProduct.java:23)
at TestNG_sample_codes.AmazonSearchProduct.SearchTextAmazon(AmazonSearchProduct.java:23)
at TestNG_sample_codes.AmazonSearchProduct.SearchTextAmazon(AmazonSearchProduct.java:23)
at TestNG_sample_codes.AmazonSearchProduct.SearchTextAmazon(AmazonSearchProduct.java:23)
at TestNG_sample_codes.AmazonSearchProduct.SearchTextAmazon(AmazonSearchProduct.java:23)
at TestNG_sample_codes.AmazonSearchProduct.SearchTextAmazon(AmazonSearchProduct.java:23)
at TestNG_sample_codes.AmazonSearchProduct.SearchTextAmazon(AmazonSearchProduct.java:23)
at TestNG_sample_codes.AmazonSearchProduct.SearchTextAmazon(AmazonSearchProduct.java:23)
at TestNG_sample_codes.AmazonSearchProduct.SearchTextAmazon(AmazonSearchProduct.java:23)
at TestNG_sample_codes.AmazonSearchProduct.SearchTextAmazon(AmazonSearchProduct.java:23)
at TestNG_sample_codes.AmazonSearchProduct.SearchTextAmazon(AmazonSearchProduct.java:23)
at TestNG_sample_codes.AmazonSearchProduct.SearchTextAmazon(AmazonSearchProduct.java:23)
at TestNG_sample_codes.AmazonSearchProduct.SearchTextAmazon(AmazonSearchProduct.java:23)
at TestNG_sample_codes.AmazonSearchProduct.SearchTextAmazon(AmazonSearchProduct.java:23)
at TestNG_sample_codes.AmazonSearchProduct.SearchTextAmazon(AmazonSearchProduct.java:23)
at TestNG_sample_codes.AmazonSearchProduct.SearchTextAmazon(AmazonSearchProduct.java:23)
at TestNG_sample_codes.AmazonSearchProduct.SearchTextAmazon(AmazonSearchProduct.java:23)
at TestNG_sample_codes.AmazonSearchProduct.SearchTextAmazon(AmazonSearchProduct.java:23)
at TestNG_sample_codes.AmazonSearchProduct.SearchTextAmazon(AmazonSearchProduct.java:23)
at TestNG_sample_codes.AmazonSearchProduct.SearchTextAmazon(AmazonSearchProduct.java:23)
at TestNG_sample_codes.AmazonSearchProduct.SearchTextAmazon(AmazonSearchProduct.java:23)
at TestNG_sample_codes.AmazonSearchProduct.SearchTextAmazon(AmazonSearchProduct.java:23)
at TestNG_sample_codes.AmazonSearchProduct.SearchTextAmazon(AmazonSearchProduct.java:23)
at TestNG_sample_codes.AmazonSearchProduct.SearchTextAmazon(AmazonSearchProduct.java:23)
at TestNG_sample_codes.AmazonSearchProduct.SearchTextAmazon(AmazonSearchProduct.java:23)
at TestNG_sample_codes.AmazonSearchProduct.SearchTextAmazon(AmazonSearchProduct.java:23)
at TestNG_sample_codes.AmazonSearchProduct.SearchTextAmazon(AmazonSearchProduct.java:23)
at TestNG_sample_codes.AmazonSearchProduct.SearchTextAmazon(AmazonSearchProduct.java:23)
at TestNG_sample_codes.AmazonSearchProduct.SearchTextAmazon(AmazonSearchProduct.java:23)
at TestNG_sample_codes.AmazonSearchProduct.SearchTextAmazon(AmazonSearchProduct.java:23)
at TestNG_sample_codes.AmazonSearchProduct.SearchTextAmazon(AmazonSearchProduct.java:23)
at TestNG_sample_codes.AmazonSearchProduct.SearchTextAmazon(AmazonSearchProduct.java:23)
at TestNG_sample_codes.AmazonSearchProduct.SearchTextAmazon(AmazonSearchProduct.java:23)
at TestNG_sample_codes.AmazonSearchProduct.SearchTextAmazon(AmazonSearchProduct.java:23)
at TestNG_sample_codes.AmazonSearchProduct.SearchTextAmazon(AmazonSearchProduct.java:23)
at TestNG_sample_codes.AmazonSearchProduct.SearchTextAmazon(AmazonSearchProduct.java:23)
at TestNG_sample_codes.AmazonSearchProduct.SearchTextAmazon(AmazonSearchProduct.java:23)
at TestNG_sample_codes.AmazonSearchProduct.SearchTextAmazon(AmazonSearchProduct.java:23)
at TestNG_sample_codes.AmazonSearchProduct.SearchTextAmazon(AmazonSearchProduct.java:23)
at TestNG_sample_codes.AmazonSearchProduct.SearchTextAmazon(AmazonSearchProduct.java:23)
at TestNG_sample_codes.AmazonSearchProduct.SearchTextAmazon(AmazonSearchProduct.java:23)
at TestNG_sample_codes.AmazonSearchProduct.SearchTextAmazon(AmazonSearchProduct.java:23)
at TestNG_sample_codes.AmazonSearchProduct.SearchTextAmazon(AmazonSearchProduct.java:23)
at TestNG_sample_codes.AmazonSearchProduct.SearchTextAmazon(AmazonSearchProduct.java:23)
at TestNG_sample_codes.AmazonSearchProduct.SearchTextAmazon(AmazonSearchProduct.java:23)
at TestNG_sample_codes.AmazonSearchProduct.SearchTextAmazon(AmazonSearchProduct.java:23)
at TestNG_sample_codes.AmazonSearchProduct.SearchTextAmazon(AmazonSearchProduct.java:23)
at TestNG_sample_codes.AmazonSearchProduct.SearchTextAmazon(AmazonSearchProduct.java:23)
at TestNG_sample_codes.AmazonSearchProduct.SearchTextAmazon(AmazonSearchProduct.java:23)
at TestNG_sample_codes.AmazonSearchProduct.SearchTextAmazon(AmazonSearchProduct.java:23)
at TestNG_sample_codes.AmazonSearchProduct.SearchTextAmazon(AmazonSearchProduct.java:23)
at TestNG_sample_codes.AmazonSearchProduct.SearchTextAmazon(AmazonSearchProduct.java:23)
at TestNG_sample_codes.AmazonSearchProduct.SearchTextAmazon(AmazonSearchProduct.java:23)
at TestNG_sample_codes.AmazonSearchProduct.SearchTextAmazon(AmazonSearchProduct.java:23)
at TestNG_sample_codes.AmazonSearchProduct.SearchTextAmazon(AmazonSearchProduct.java:23)
at TestNG_sample_codes.AmazonSearchProduct.SearchTextAmazon(AmazonSearchProduct.java:23)
at TestNG_sample_codes.AmazonSearchProduct.SearchTextAmazon(AmazonSearchProduct.java:23)
at TestNG_sample_codes.AmazonSearchProduct.SearchTextAmazon(AmazonSearchProduct.java:23)
at TestNG_sample_codes.AmazonSearchProduct.SearchTextAmazon(AmazonSearchProduct.java:23)
at TestNG_sample_codes.AmazonSearchProduct.SearchTextAmazon(AmazonSearchProduct.java:23)
at TestNG_sample_codes.AmazonSearchProduct.SearchTextAmazon(AmazonSearchProduct.java:23)
at TestNG_sample_codes.AmazonSearchProduct.SearchTextAmazon(AmazonSearchProduct.java:23)
at TestNG_sample_codes.AmazonSearchProduct.SearchTextAmazon(AmazonSearchProduct.java:23)
at TestNG_sample_codes.AmazonSearchProduct.SearchTextAmazon(AmazonSearchProduct.java:23)
at TestNG_sample_codes.AmazonSearchProduct.SearchTextAmazon(AmazonSearchProduct.java:23)
at TestNG_sample_codes.AmazonSearchProduct.SearchTextAmazon(AmazonSearchProduct.java:23)
at TestNG_sample_codes.AmazonSearchProduct.SearchTextAmazon(AmazonSearchProduct.java:23)
at TestNG_sample_codes.AmazonSearchProduct.SearchTextAmazon(AmazonSearchProduct.java:23)
at TestNG_sample_codes.AmazonSearchProduct.SearchTextAmazon(AmazonSearchProduct.java:23)
at TestNG_sample_codes.AmazonSearchProduct.SearchTextAmazon(AmazonSearchProduct.java:23)
at TestNG_sample_codes.AmazonSearchProduct.SearchTextAmazon(AmazonSearchProduct.java:23)
at TestNG_sample_codes.AmazonSearchProduct.SearchTextAmazon(AmazonSearchProduct.java:23)
at TestNG_sample_codes.AmazonSearchProduct.SearchTextAmazon(AmazonSearchProduct.java:23)
at TestNG_sample_codes.AmazonSearchProduct.SearchTextAmazon(AmazonSearchProduct.java:23)
at TestNG_sample_codes.AmazonSearchProduct.SearchTextAmazon(AmazonSearchProduct.java:23)
at TestNG_sample_codes.AmazonSearchProduct.SearchTextAmazon(AmazonSearchProduct.java:23)
at TestNG_sample_codes.AmazonSearchProduct.SearchTextAmazon(AmazonSearchProduct.java:23)
at TestNG_sample_codes.AmazonSearchProduct.SearchTextAmazon(AmazonSearchProduct.java:23)
at TestNG_sample_codes.AmazonSearchProduct.SearchTextAmazon(AmazonSearchProduct.java:23)
at TestNG_sample_codes.AmazonSearchProduct.SearchTextAmazon(AmazonSearchProduct.java:23)
at TestNG_sample_codes.AmazonSearchProduct.SearchTextAmazon(AmazonSearchProduct.java:23)
at TestNG_sample_codes.AmazonSearchProduct.SearchTextAmazon(AmazonSearchProduct.java:23)
at TestNG_sample_codes.AmazonSearchProduct.SearchTextAmazon(AmazonSearchProduct.java:23)
at TestNG_sample_codes.AmazonSearchProduct.SearchTextAmazon(AmazonSearchProduct.java:23)
at TestNG_sample_codes.AmazonSearchProduct.SearchTextAmazon(AmazonSearchProduct.java:23)
at TestNG_sample_codes.AmazonSearchProduct.SearchTextAmazon(AmazonSearchProduct.java:23)
at TestNG_sample_codes.AmazonSearchProduct.SearchTextAmazon(AmazonSearchProduct.java:23)
at TestNG_sample_codes.AmazonSearchProduct.SearchTextAmazon(AmazonSearchProduct.java:23)
at TestNG_sample_codes.AmazonSearchProduct.SearchTextAmazon(AmazonSearchProduct.java:23)
at TestNG_sample_codes.AmazonSearchProduct.SearchTextAmazon(AmazonSearchProduct.java:23)
at TestNG_sample_codes.AmazonSearchProduct.SearchTextAmazon(AmazonSearchProduct.java:23)
at TestNG_sample_codes.AmazonSearchProduct.SearchTextAmazon(AmazonSearchProduct.java:23)
at TestNG_sample_codes.AmazonSearchProduct.SearchTextAmazon(AmazonSearchProduct.java:23)
at TestNG_sample_codes.AmazonSearchProduct.SearchTextAmazon(AmazonSearchProduct.java:23)
at TestNG_sample_codes.AmazonSearchProduct.SearchTextAmazon(AmazonSearchProduct.java:23)
at TestNG_sample_codes.AmazonSearchProduct.SearchTextAmazon(AmazonSearchProduct.java:23)
at TestNG_sample_codes.AmazonSearchProduct.SearchTextAmazon(AmazonSearchProduct.java:23)
at TestNG_sample_codes.AmazonSearchProduct.SearchTextAmazon(AmazonSearchProduct.java:23)
at TestNG_sample_codes.AmazonSearchProduct.SearchTextAmazon(AmazonSearchProduct.java:23)
at TestNG_sample_codes.AmazonSearchProduct.SearchTextAmazon(AmazonSearchProduct.java:23)
at TestNG_sample_codes.AmazonSearchProduct.SearchTextAmazon(AmazonSearchProduct.java:23)
at TestNG_sample_codes.AmazonSearchProduct.SearchTextAmazon(AmazonSearchProduct.java:23)
at TestNG_sample_codes.AmazonSearchProduct.SearchTextAmazon(AmazonSearchProduct.java:23)
at TestNG_sample_codes.AmazonSearchProduct.SearchTextAmazon(AmazonSearchProduct.java:23)
at TestNG_sample_codes.AmazonSearchProduct.SearchTextAmazon(AmazonSearchProduct.java:23)
at TestNG_sample_codes.AmazonSearchProduct.SearchTextAmazon(AmazonSearchProduct.java:23)
at TestNG_sample_codes.AmazonSearchProduct.SearchTextAmazon(AmazonSearchProduct.java:23)
at TestNG_sample_codes.AmazonSearchProduct.SearchTextAmazon(AmazonSearchProduct.java:23)
at TestNG_sample_codes.AmazonSearchProduct.SearchTextAmazon(AmazonSearchProduct.java:23)
at TestNG_sample_codes.AmazonSearchProduct.SearchTextAmazon(AmazonSearchProduct.java:23)
at TestNG_sample_codes.AmazonSearchProduct.SearchTextAmazon(AmazonSearchProduct.java:23)
at TestNG_sample_codes.AmazonSearchProduct.SearchTextAmazon(AmazonSearchProduct.java:23)
at TestNG_sample_codes.AmazonSearchProduct.SearchTextAmazon(AmazonSearchProduct.java:23)
at TestNG_sample_codes.AmazonSearchProduct.SearchTextAmazon(AmazonSearchProduct.java:23)
at TestNG_sample_codes.AmazonSearchProduct.SearchTextAmazon(AmazonSearchProduct.java:23)
at TestNG_sample_codes.AmazonSearchProduct.SearchTextAmazon(AmazonSearchProduct.java:23)
at TestNG_sample_codes.AmazonSearchProduct.SearchTextAmazon(AmazonSearchProduct.java:23)
at TestNG_sample_codes.AmazonSearchProduct.SearchTextAmazon(AmazonSearchProduct.java:23)
at TestNG_sample_codes.AmazonSearchProduct.SearchTextAmazon(AmazonSearchProduct.java:23)
at TestNG_sample_codes.AmazonSearchProduct.SearchTextAmazon(AmazonSearchProduct.java:23)
at TestNG_sample_codes.AmazonSearchProduct.SearchTextAmazon(AmazonSearchProduct.java:23)
at TestNG_sample_codes.AmazonSearchProduct.SearchTextAmazon(AmazonSearchProduct.java:23)
at TestNG_sample_codes.AmazonSearchProduct.SearchTextAmazon(AmazonSearchProduct.java:23)
at TestNG_sample_codes.AmazonSearchProduct.SearchTextAmazon(AmazonSearchProduct.java:23)
at TestNG_sample_codes.AmazonSearchProduct.SearchTextAmazon(AmazonSearchProduct.java:23)
at TestNG_sample_codes.AmazonSearchProduct.SearchTextAmazon(AmazonSearchProduct.java:23)
at TestNG_sample_codes.AmazonSearchProduct.SearchTextAmazon(AmazonSearchProduct.java:23)
at TestNG_sample_codes.AmazonSearchProduct.SearchTextAmazon(AmazonSearchProduct.java:23)
at TestNG_sample_codes.AmazonSearchProduct.SearchTextAmazon(AmazonSearchProduct.java:23)
at TestNG_sample_codes.AmazonSearchProduct.SearchTextAmazon(AmazonSearchProduct.java:23)
at TestNG_sample_codes.AmazonSearchProduct.SearchTextAmazon(AmazonSearchProduct.java:23)
at TestNG_sample_codes.AmazonSearchProduct.SearchTextAmazon(AmazonSearchProduct.java:23)
at TestNG_sample_codes.AmazonSearchProduct.SearchTextAmazon(AmazonSearchProduct.java:23)
at TestNG_sample_codes.AmazonSearchProduct.SearchTextAmazon(AmazonSearchProduct.java:23)
at TestNG_sample_codes.AmazonSearchProduct.SearchTextAmazon(AmazonSearchProduct.java:23)
at TestNG_sample_codes.AmazonSearchProduct.SearchTextAmazon(AmazonSearchProduct.java:23)
at TestNG_sample_codes.AmazonSearchProduct.SearchTextAmazon(AmazonSearchProduct.java:23)
at TestNG_sample_codes.AmazonSearchProduct.SearchTextAmazon(AmazonSearchProduct.java:23)
at TestNG_sample_codes.AmazonSearchProduct.SearchTextAmazon(AmazonSearchProduct.java:23)
at TestNG_sample_codes.AmazonSearchProduct.SearchTextAmazon(AmazonSearchProduct.java:23)
at TestNG_sample_codes.AmazonSearchProduct.SearchTextAmazon(AmazonSearchProduct.java:23)
at TestNG_sample_codes.AmazonSearchProduct.SearchTextAmazon(AmazonSearchProduct.java:23)
at TestNG_sample_codes.AmazonSearchProduct.SearchTextAmazon(AmazonSearchProduct.java:23)
at TestNG_sample_codes.AmazonSearchProduct.SearchTextAmazon(AmazonSearchProduct.java:23)
at TestNG_sample_codes.AmazonSearchProduct.SearchTextAmazon(AmazonSearchProduct.java:23)
at TestNG_sample_codes.AmazonSearchProduct.SearchTextAmazon(AmazonSearchProduct.java:23)
at TestNG_sample_codes.AmazonSearchProduct.SearchTextAmazon(AmazonSearchProduct.java:23)
at TestNG_sample_codes.AmazonSearchProduct.SearchTextAmazon(AmazonSearchProduct.java:23)
at TestNG_sample_codes.AmazonSearchProduct.SearchTextAmazon(AmazonSearchProduct.java:23)
at TestNG_sample_codes.AmazonSearchProduct.SearchTextAmazon(AmazonSearchProduct.java:23)
at TestNG_sample_codes.AmazonSearchProduct.SearchTextAmazon(AmazonSearchProduct.java:23)
at TestNG_sample_codes.AmazonSearchProduct.SearchTextAmazon(AmazonSearchProduct.java:23)
at TestNG_sample_codes.AmazonSearchProduct.SearchTextAmazon(AmazonSearchProduct.java:23)
at TestNG_sample_codes.AmazonSearchProduct.SearchTextAmazon(AmazonSearchProduct.java:23)
at TestNG_sample_codes.AmazonSearchProduct.SearchTextAmazon(AmazonSearchProduct.java:23)
at TestNG_sample_codes.AmazonSearchProduct.SearchTextAmazon(AmazonSearchProduct.java:23)
at TestNG_sample_codes.AmazonSearchProduct.SearchTextAmazon(AmazonSearchProduct.java:23)
at TestNG_sample_codes.AmazonSearchProduct.SearchTextAmazon(AmazonSearchProduct.java:23)
at TestNG_sample_codes.AmazonSearchProduct.SearchTextAmazon(AmazonSearchProduct.java:23)
at TestNG_sample_codes.AmazonSearchProduct.SearchTextAmazon(AmazonSearchProduct.java:23)
at TestNG_sample_codes.AmazonSearchProduct.SearchTextAmazon(AmazonSearchProduct.java:23)
at TestNG_sample_codes.AmazonSearchProduct.SearchTextAmazon(AmazonSearchProduct.java:23)
at TestNG_sample_codes.AmazonSearchProduct.SearchTextAmazon(AmazonSearchProduct.java:23)
at TestNG_sample_codes.AmazonSearchProduct.SearchTextAmazon(AmazonSearchProduct.java:23)
at TestNG_sample_codes.AmazonSearchProduct.SearchTextAmazon(AmazonSearchProduct.java:23)
at TestNG_sample_codes.AmazonSearchProduct.SearchTextAmazon(AmazonSearchProduct.java:23)
at TestNG_sample_codes.AmazonSearchProduct.SearchTextAmazon(AmazonSearchProduct.java:23)
at TestNG_sample_codes.AmazonSearchProduct.SearchTextAmazon(AmazonSearchProduct.java:23)
at TestNG_sample_codes.AmazonSearchProduct.SearchTextAmazon(AmazonSearchProduct.java:23)
at TestNG_sample_codes.AmazonSearchProduct.SearchTextAmazon(AmazonSearchProduct.java:23)
at TestNG_sample_codes.AmazonSearchProduct.SearchTextAmazon(AmazonSearchProduct.java:23)
at TestNG_sample_codes.AmazonSearchProduct.SearchTextAmazon(AmazonSearchProduct.java:23)
at TestNG_sample_codes.AmazonSearchProduct.SearchTextAmazon(AmazonSearchProduct.java:23)
at TestNG_sample_codes.AmazonSearchProduct.SearchTextAmazon(AmazonSearchProduct.java:23)
at TestNG_sample_codes.AmazonSearchProduct.SearchTextAmazon(AmazonSearchProduct.java:23)
at TestNG_sample_codes.AmazonSearchProduct.SearchTextAmazon(AmazonSearchProduct.java:23)
at TestNG_sample_codes.AmazonSearchProduct.SearchTextAmazon(AmazonSearchProduct.java:23)
at TestNG_sample_codes.AmazonSearchProduct.SearchTextAmazon(AmazonSearchProduct.java:23)
at TestNG_sample_codes.AmazonSearchProduct.SearchTextAmazon(AmazonSearchProduct.java:23)
at TestNG_sample_codes.AmazonSearchProduct.SearchTextAmazon(AmazonSearchProduct.java:23)
at TestNG_sample_codes.AmazonSearchProduct.SearchTextAmazon(AmazonSearchProduct.java:23)
at TestNG_sample_codes.AmazonSearchProduct.SearchTextAmazon(AmazonSearchProduct.java:23)
at TestNG_sample_codes.AmazonSearchProduct.SearchTextAmazon(AmazonSearchProduct.java:23)
at TestNG_sample_codes.AmazonSearchProduct.SearchTextAmazon(AmazonSearchProduct.java:23)
at TestNG_sample_codes.AmazonSearchProduct.SearchTextAmazon(AmazonSearchProduct.java:23)
at TestNG_sample_codes.AmazonSearchProduct.SearchTextAmazon(AmazonSearchProduct.java:23)
at TestNG_sample_codes.AmazonSearchProduct.SearchTextAmazon(AmazonSearchProduct.java:23)
at TestNG_sample_codes.AmazonSearchProduct.SearchTextAmazon(AmazonSearchProduct.java:23)
at TestNG_sample_codes.AmazonSearchProduct.SearchTextAmazon(AmazonSearchProduct.java:23)
at TestNG_sample_codes.AmazonSearchProduct.SearchTextAmazon(AmazonSearchProduct.java:23)
at TestNG_sample_codes.AmazonSearchProduct.SearchTextAmazon(AmazonSearchProduct.java:23)
at TestNG_sample_codes.AmazonSearchProduct.SearchTextAmazon(AmazonSearchProduct.java:23)
at TestNG_sample_codes.AmazonSearchProduct.SearchTextAmazon(AmazonSearchProduct.java:23)
at TestNG_sample_codes.AmazonSearchProduct.SearchTextAmazon(AmazonSearchProduct.java:23)
at TestNG_sample_codes.AmazonSearchProduct.SearchTextAmazon(AmazonSearchProduct.java:23)
at TestNG_sample_codes.AmazonSearchProduct.SearchTextAmazon(AmazonSearchProduct.java:23)
at TestNG_sample_codes.AmazonSearchProduct.SearchTextAmazon(AmazonSearchProduct.java:23)
at TestNG_sample_codes.AmazonSearchProduct.SearchTextAmazon(AmazonSearchProduct.java:23)
at TestNG_sample_codes.AmazonSearchProduct.SearchTextAmazon(AmazonSearchProduct.java:23)
at TestNG_sample_codes.AmazonSearchProduct.SearchTextAmazon(AmazonSearchProduct.java:23)
at TestNG_sample_codes.AmazonSearchProduct.SearchTextAmazon(AmazonSearchProduct.java:23)
at TestNG_sample_codes.AmazonSearchProduct.SearchTextAmazon(AmazonSearchProduct.java:23)
at TestNG_sample_codes.AmazonSearchProduct.SearchTextAmazon(AmazonSearchProduct.java:23)
at TestNG_sample_codes.AmazonSearchProduct.SearchTextAmazon(AmazonSearchProduct.java:23)
at TestNG_sample_codes.AmazonSearchProduct.SearchTextAmazon(AmazonSearchProduct.java:23)
at TestNG_sample_codes.AmazonSearchProduct.SearchTextAmazon(AmazonSearchProduct.java:23)
at TestNG_sample_codes.AmazonSearchProduct.SearchTextAmazon(AmazonSearchProduct.java:23)
at TestNG_sample_codes.AmazonSearchProduct.SearchTextAmazon(AmazonSearchProduct.java:23)
at TestNG_sample_codes.AmazonSearchProduct.SearchTextAmazon(AmazonSearchProduct.java:23)
at TestNG_sample_codes.AmazonSearchProduct.SearchTextAmazon(AmazonSearchProduct.java:23)
at TestNG_sample_codes.AmazonSearchProduct.SearchTextAmazon(AmazonSearchProduct.java:23)
at TestNG_sample_codes.AmazonSearchProduct.SearchTextAmazon(AmazonSearchProduct.java:23)
at TestNG_sample_codes.AmazonSearchProduct.SearchTextAmazon(AmazonSearchProduct.java:23)
at TestNG_sample_codes.AmazonSearchProduct.SearchTextAmazon(AmazonSearchProduct.java:23)
at TestNG_sample_codes.AmazonSearchProduct.SearchTextAmazon(AmazonSearchProduct.java:23)
at TestNG_sample_codes.AmazonSearchProduct.SearchTextAmazon(AmazonSearchProduct.java:23)
at TestNG_sample_codes.AmazonSearchProduct.SearchTextAmazon(AmazonSearchProduct.java:23)
at TestNG_sample_codes.AmazonSearchProduct.SearchTextAmazon(AmazonSearchProduct.java:23)
at TestNG_sample_codes.AmazonSearchProduct.SearchTextAmazon(AmazonSearchProduct.java:23)
at TestNG_sample_codes.AmazonSearchProduct.SearchTextAmazon(AmazonSearchProduct.java:23)
at TestNG_sample_codes.AmazonSearchProduct.SearchTextAmazon(AmazonSearchProduct.java:23)
at TestNG_sample_codes.AmazonSearchProduct.SearchTextAmazon(AmazonSearchProduct.java:23)
at TestNG_sample_codes.AmazonSearchProduct.SearchTextAmazon(AmazonSearchProduct.java:23)
at TestNG_sample_codes.AmazonSearchProduct.SearchTextAmazon(AmazonSearchProduct.java:23)
at TestNG_sample_codes.AmazonSearchProduct.SearchTextAmazon(AmazonSearchProduct.java:23)
at TestNG_sample_codes.AmazonSearchProduct.SearchTextAmazon(AmazonSearchProduct.java:23)
at TestNG_sample_codes.AmazonSearchProduct.SearchTextAmazon(AmazonSearchProduct.java:23)
at TestNG_sample_codes.AmazonSearchProduct.SearchTextAmazon(AmazonSearchProduct.java:23)
at TestNG_sample_codes.AmazonSearchProduct.SearchTextAmazon(AmazonSearchProduct.java:23)
at TestNG_sample_codes.AmazonSearchProduct.SearchTextAmazon(AmazonSearchProduct.java:23)
at TestNG_sample_codes.AmazonSearchProduct.SearchTextAmazon(AmazonSearchProduct.java:23)
at TestNG_sample_codes.AmazonSearchProduct.SearchTextAmazon(AmazonSearchProduct.java:23)
at TestNG_sample_codes.AmazonSearchProduct.SearchTextAmazon(AmazonSearchProduct.java:23)
at TestNG_sample_codes.AmazonSearchProduct.SearchTextAmazon(AmazonSearchProduct.java:23)
at TestNG_sample_codes.AmazonSearchProduct.SearchTextAmazon(AmazonSearchProduct.java:23)
at TestNG_sample_codes.AmazonSearchProduct.SearchTextAmazon(AmazonSearchProduct.java:23)
at TestNG_sample_codes.AmazonSearchProduct.SearchTextAmazon(AmazonSearchProduct.java:23)
at TestNG_sample_codes.AmazonSearchProduct.SearchTextAmazon(AmazonSearchProduct.java:23)
at TestNG_sample_codes.AmazonSearchProduct.SearchTextAmazon(AmazonSearchProduct.java:23)
at TestNG_sample_codes.AmazonSearchProduct.SearchTextAmazon(AmazonSearchProduct.java:23)
at TestNG_sample_codes.AmazonSearchProduct.SearchTextAmazon(AmazonSearchProduct.java:23)
at TestNG_sample_codes.AmazonSearchProduct.SearchTextAmazon(AmazonSearchProduct.java:23)
at TestNG_sample_codes.AmazonSearchProduct.SearchTextAmazon(AmazonSearchProduct.java:23)
at TestNG_sample_codes.AmazonSearchProduct.SearchTextAmazon(AmazonSearchProduct.java:23)
at TestNG_sample_codes.AmazonSearchProduct.SearchTextAmazon(AmazonSearchProduct.java:23)
at TestNG_sample_codes.AmazonSearchProduct.SearchTextAmazon(AmazonSearchProduct.java:23)
at TestNG_sample_codes.AmazonSearchProduct.SearchTextAmazon(AmazonSearchProduct.java:23)
at TestNG_sample_codes.AmazonSearchProduct.SearchTextAmazon(AmazonSearchProduct.java:23)
at TestNG_sample_codes.AmazonSearchProduct.SearchTextAmazon(AmazonSearchProduct.java:23)
at TestNG_sample_codes.AmazonSearchProduct.SearchTextAmazon(AmazonSearchProduct.java:23)
at TestNG_sample_codes.AmazonSearchProduct.SearchTextAmazon(AmazonSearchProduct.java:23)
at TestNG_sample_codes.AmazonSearchProduct.SearchTextAmazon(AmazonSearchProduct.java:23)
at TestNG_sample_codes.AmazonSearchProduct.SearchTextAmazon(AmazonSearchProduct.java:23)
at TestNG_sample_codes.AmazonSearchProduct.SearchTextAmazon(AmazonSearchProduct.java:23)
at TestNG_sample_codes.AmazonSearchProduct.SearchTextAmazon(AmazonSearchProduct.java:23)
at TestNG_sample_codes.AmazonSearchProduct.SearchTextAmazon(AmazonSearchProduct.java:23)
at TestNG_sample_codes.AmazonSearchProduct.SearchTextAmazon(AmazonSearchProduct.java:23)
at TestNG_sample_codes.AmazonSearchProduct.SearchTextAmazon(AmazonSearchProduct.java:23)
at TestNG_sample_codes.AmazonSearchProduct.SearchTextAmazon(AmazonSearchProduct.java:23)
at TestNG_sample_codes.AmazonSearchProduct.SearchTextAmazon(AmazonSearchProduct.java:23)
at TestNG_sample_codes.AmazonSearchProduct.SearchTextAmazon(AmazonSearchProduct.java:23)
at TestNG_sample_codes.AmazonSearchProduct.SearchTextAmazon(AmazonSearchProduct.java:23)
at TestNG_sample_codes.AmazonSearchProduct.SearchTextAmazon(AmazonSearchProduct.java:23)
at TestNG_sample_codes.AmazonSearchProduct.SearchTextAmazon(AmazonSearchProduct.java:23)
at TestNG_sample_codes.AmazonSearchProduct.SearchTextAmazon(AmazonSearchProduct.java:23)
at TestNG_sample_codes.AmazonSearchProduct.SearchTextAmazon(AmazonSearchProduct.java:23)
at TestNG_sample_codes.AmazonSearchProduct.SearchTextAmazon(AmazonSearchProduct.java:23)
at TestNG_sample_codes.AmazonSearchProduct.SearchTextAmazon(AmazonSearchProduct.java:23)
at TestNG_sample_codes.AmazonSearchProduct.SearchTextAmazon(AmazonSearchProduct.java:23)
at TestNG_sample_codes.AmazonSearchProduct.SearchTextAmazon(AmazonSearchProduct.java:23)
at TestNG_sample_codes.AmazonSearchProduct.SearchTextAmazon(AmazonSearchProduct.java:23)
at TestNG_sample_codes.AmazonSearchProduct.SearchTextAmazon(AmazonSearchProduct.java:23)
at TestNG_sample_codes.AmazonSearchProduct.SearchTextAmazon(AmazonSearchProduct.java:23)
at TestNG_sample_codes.AmazonSearchProduct.SearchTextAmazon(AmazonSearchProduct.java:23)
at TestNG_sample_codes.AmazonSearchProduct.SearchTextAmazon(AmazonSearchProduct.java:23)
at TestNG_sample_codes.AmazonSearchProduct.SearchTextAmazon(AmazonSearchProduct.java:23)
at TestNG_sample_codes.AmazonSearchProduct.SearchTextAmazon(AmazonSearchProduct.java:23)
at TestNG_sample_codes.AmazonSearchProduct.SearchTextAmazon(AmazonSearchProduct.java:23)
at TestNG_sample_codes.AmazonSearchProduct.SearchTextAmazon(AmazonSearchProduct.java:23)
at TestNG_sample_codes.AmazonSearchProduct.SearchTextAmazon(AmazonSearchProduct.java:23)
at TestNG_sample_codes.AmazonSearchProduct.SearchTextAmazon(AmazonSearchProduct.java:23)
at TestNG_sample_codes.AmazonSearchProduct.SearchTextAmazon(AmazonSearchProduct.java:23)
at TestNG_sample_codes.AmazonSearchProduct.SearchTextAmazon(AmazonSearchProduct.java:23)
at TestNG_sample_codes.AmazonSearchProduct.SearchTextAmazon(AmazonSearchProduct.java:23)
at TestNG_sample_codes.AmazonSearchProduct.SearchTextAmazon(AmazonSearchProduct.java:23)
at TestNG_sample_codes.AmazonSearchProduct.SearchTextAmazon(AmazonSearchProduct.java:23)
at TestNG_sample_codes.AmazonSearchProduct.SearchTextAmazon(AmazonSearchProduct.java:23)
at TestNG_sample_codes.AmazonSearchProduct.SearchTextAmazon(AmazonSearchProduct.java:23)
at TestNG_sample_codes.AmazonSearchProduct.SearchTextAmazon(AmazonSearchProduct.java:23)
at TestNG_sample_codes.AmazonSearchProduct.SearchTextAmazon(AmazonSearchProduct.java:23)
at TestNG_sample_codes.AmazonSearchProduct.SearchTextAmazon(AmazonSearchProduct.java:23)
at TestNG_sample_codes.AmazonSearchProduct.SearchTextAmazon(AmazonSearchProduct.java:23)
at TestNG_sample_codes.AmazonSearchProduct.SearchTextAmazon(AmazonSearchProduct.java:23)
at TestNG_sample_codes.AmazonSearchProduct.SearchTextAmazon(AmazonSearchProduct.java:23)
at TestNG_sample_codes.AmazonSearchProduct.SearchTextAmazon(AmazonSearchProduct.java:23)
at TestNG_sample_codes.AmazonSearchProduct.SearchTextAmazon(AmazonSearchProduct.java:23)
at TestNG_sample_codes.AmazonSearchProduct.SearchTextAmazon(AmazonSearchProduct.java:23)
at TestNG_sample_codes.AmazonSearchProduct.SearchTextAmazon(AmazonSearchProduct.java:23)
at TestNG_sample_codes.AmazonSearchProduct.SearchTextAmazon(AmazonSearchProduct.java:23)
at TestNG_sample_codes.AmazonSearchProduct.SearchTextAmazon(AmazonSearchProduct.java:23)
at TestNG_sample_codes.AmazonSearchProduct.SearchTextAmazon(AmazonSearchProduct.java:23)
at TestNG_sample_codes.AmazonSearchProduct.SearchTextAmazon(AmazonSearchProduct.java:23)
at TestNG_sample_codes.AmazonSearchProduct.SearchTextAmazon(AmazonSearchProduct.java:23)
at TestNG_sample_codes.AmazonSearchProduct.SearchTextAmazon(AmazonSearchProduct.java:23)
at TestNG_sample_codes.AmazonSearchProduct.SearchTextAmazon(AmazonSearchProduct.java:23)
at TestNG_sample_codes.AmazonSearchProduct.SearchTextAmazon(AmazonSearchProduct.java:23)
at TestNG_sample_codes.AmazonSearchProduct.SearchTextAmazon(AmazonSearchProduct.java:23)
at TestNG_sample_codes.AmazonSearchProduct.SearchTextAmazon(AmazonSearchProduct.java:23)
at TestNG_sample_codes.AmazonSearchProduct.SearchTextAmazon(AmazonSearchProduct.java:23)
at TestNG_sample_codes.AmazonSearchProduct.SearchTextAmazon(AmazonSearchProduct.java:23)
at TestNG_sample_codes.AmazonSearchProduct.SearchTextAmazon(AmazonSearchProduct.java:23)
at TestNG_sample_codes.AmazonSearchProduct.SearchTextAmazon(AmazonSearchProduct.java:23)
at TestNG_sample_codes.AmazonSearchProduct.SearchTextAmazon(AmazonSearchProduct.java:23)
at TestNG_sample_codes.AmazonSearchProduct.SearchTextAmazon(AmazonSearchProduct.java:23)
at TestNG_sample_codes.AmazonSearchProduct.SearchTextAmazon(AmazonSearchProduct.java:23)
at TestNG_sample_codes.AmazonSearchProduct.SearchTextAmazon(AmazonSearchProduct.java:23)
at TestNG_sample_codes.AmazonSearchProduct.SearchTextAmazon(AmazonSearchProduct.java:23)
at TestNG_sample_codes.AmazonSearchProduct.SearchTextAmazon(AmazonSearchProduct.java:23)
at TestNG_sample_codes.AmazonSearchProduct.SearchTextAmazon(AmazonSearchProduct.java:23)
at TestNG_sample_codes.AmazonSearchProduct.SearchTextAmazon(AmazonSearchProduct.java:23)
at TestNG_sample_codes.AmazonSearchProduct.SearchTextAmazon(AmazonSearchProduct.java:23)
at TestNG_sample_codes.AmazonSearchProduct.SearchTextAmazon(AmazonSearchProduct.java:23)
at TestNG_sample_codes.AmazonSearchProduct.SearchTextAmazon(AmazonSearchProduct.java:23)
at TestNG_sample_codes.AmazonSearchProduct.SearchTextAmazon(AmazonSearchProduct.java:23)
at TestNG_sample_codes.AmazonSearchProduct.SearchTextAmazon(AmazonSearchProduct.java:23)
at TestNG_sample_codes.AmazonSearchProduct.SearchTextAmazon(AmazonSearchProduct.java:23)
at TestNG_sample_codes.AmazonSearchProduct.SearchTextAmazon(AmazonSearchProduct.java:23)
at TestNG_sample_codes.AmazonSearchProduct.SearchTextAmazon(AmazonSearchProduct.java:23)
at TestNG_sample_codes.AmazonSearchProduct.SearchTextAmazon(AmazonSearchProduct.java:23)
at TestNG_sample_codes.AmazonSearchProduct.SearchTextAmazon(AmazonSearchProduct.java:23)
at TestNG_sample_codes.AmazonSearchProduct.SearchTextAmazon(AmazonSearchProduct.java:23)
at TestNG_sample_codes.AmazonSearchProduct.SearchTextAmazon(AmazonSearchProduct.java:23)
at TestNG_sample_codes.AmazonSearchProduct.SearchTextAmazon(AmazonSearchProduct.java:23)
at TestNG_sample_codes.AmazonSearchProduct.SearchTextAmazon(AmazonSearchProduct.java:23)
at TestNG_sample_codes.AmazonSearchProduct.SearchTextAmazon(AmazonSearchProduct.java:23)
at TestNG_sample_codes.AmazonSearchProduct.SearchTextAmazon(AmazonSearchProduct.java:23)
at TestNG_sample_codes.AmazonSearchProduct.SearchTextAmazon(AmazonSearchProduct.java:23)
at TestNG_sample_codes.AmazonSearchProduct.SearchTextAmazon(AmazonSearchProduct.java:23)
at TestNG_sample_codes.AmazonSearchProduct.SearchTextAmazon(AmazonSearchProduct.java:23)
at TestNG_sample_codes.AmazonSearchProduct.SearchTextAmazon(AmazonSearchProduct.java:23)
at TestNG_sample_codes.AmazonSearchProduct.SearchTextAmazon(AmazonSearchProduct.java:23)
at TestNG_sample_codes.AmazonSearchProduct.SearchTextAmazon(AmazonSearchProduct.java:23)
at TestNG_sample_codes.AmazonSearchProduct.SearchTextAmazon(AmazonSearchProduct.java:23)
at TestNG_sample_codes.AmazonSearchProduct.SearchTextAmazon(AmazonSearchProduct.java:23)
at TestNG_sample_codes.AmazonSearchProduct.SearchTextAmazon(AmazonSearchProduct.java:23)
at TestNG_sample_codes.AmazonSearchProduct.SearchTextAmazon(AmazonSearchProduct.java:23)
at TestNG_sample_codes.AmazonSearchProduct.SearchTextAmazon(AmazonSearchProduct.java:23)
at TestNG_sample_codes.AmazonSearchProduct.SearchTextAmazon(AmazonSearchProduct.java:23)
at TestNG_sample_codes.AmazonSearchProduct.SearchTextAmazon(AmazonSearchProduct.java:23)
at TestNG_sample_codes.AmazonSearchProduct.SearchTextAmazon(AmazonSearchProduct.java:23)
at TestNG_sample_codes.AmazonSearchProduct.SearchTextAmazon(AmazonSearchProduct.java:23)
at TestNG_sample_codes.AmazonSearchProduct.SearchTextAmazon(AmazonSearchProduct.java:23)
at TestNG_sample_codes.AmazonSearchProduct.SearchTextAmazon(AmazonSearchProduct.java:23)
at TestNG_sample_codes.AmazonSearchProduct.SearchTextAmazon(AmazonSearchProduct.java:23)
at TestNG_sample_codes.AmazonSearchProduct.SearchTextAmazon(AmazonSearchProduct.java:23)
at TestNG_sample_codes.AmazonSearchProduct.SearchTextAmazon(AmazonSearchProduct.java:23)
at TestNG_sample_codes.AmazonSearchProduct.SearchTextAmazon(AmazonSearchProduct.java:23)
at TestNG_sample_codes.AmazonSearchProduct.SearchTextAmazon(AmazonSearchProduct.java:23)
at TestNG_sample_codes.AmazonSearchProduct.SearchTextAmazon(AmazonSearchProduct.java:23)
at TestNG_sample_codes.AmazonSearchProduct.SearchTextAmazon(AmazonSearchProduct.java:23)
at TestNG_sample_codes.AmazonSearchProduct.SearchTextAmazon(AmazonSearchProduct.java:23)
at TestNG_sample_codes.AmazonSearchProduct.SearchTextAmazon(AmazonSearchProduct.java:23)
at TestNG_sample_codes.AmazonSearchProduct.SearchTextAmazon(AmazonSearchProduct.java:23)
at TestNG_sample_codes.AmazonSearchProduct.SearchTextAmazon(AmazonSearchProduct.java:23)
at TestNG_sample_codes.AmazonSearchProduct.SearchTextAmazon(AmazonSearchProduct.java:23)
at TestNG_sample_codes.AmazonSearchProduct.SearchTextAmazon(AmazonSearchProduct.java:23)
at TestNG_sample_codes.AmazonSearchProduct.SearchTextAmazon(AmazonSearchProduct.java:23)
at TestNG_sample_codes.AmazonSearchProduct.SearchTextAmazon(AmazonSearchProduct.java:23)
at TestNG_sample_codes.AmazonSearchProduct.SearchTextAmazon(AmazonSearchProduct.java:23)
at TestNG_sample_codes.AmazonSearchProduct.SearchTextAmazon(AmazonSearchProduct.java:23)
at TestNG_sample_codes.AmazonSearchProduct.SearchTextAmazon(AmazonSearchProduct.java:23)
at TestNG_sample_codes.AmazonSearchProduct.SearchTextAmazon(AmazonSearchProduct.java:23)
at TestNG_sample_codes.AmazonSearchProduct.SearchTextAmazon(AmazonSearchProduct.java:23)
at TestNG_sample_codes.AmazonSearchProduct.SearchTextAmazon(AmazonSearchProduct.java:23)
at TestNG_sample_codes.AmazonSearchProduct.SearchTextAmazon(AmazonSearchProduct.java:23)
at TestNG_sample_codes.AmazonSearchProduct.SearchTextAmazon(AmazonSearchProduct.java:23)
at TestNG_sample_codes.AmazonSearchProduct.SearchTextAmazon(AmazonSearchProduct.java:23)
at TestNG_sample_codes.AmazonSearchProduct.SearchTextAmazon(AmazonSearchProduct.java:23)
at TestNG_sample_codes.AmazonSearchProduct.SearchTextAmazon(AmazonSearchProduct.java:23)
at TestNG_sample_codes.AmazonSearchProduct.SearchTextAmazon(AmazonSearchProduct.java:23)
at TestNG_sample_codes.AmazonSearchProduct.SearchTextAmazon(AmazonSearchProduct.java:23)
at TestNG_sample_codes.AmazonSearchProduct.SearchTextAmazon(AmazonSearchProduct.java:23)
at TestNG_sample_codes.AmazonSearchProduct.SearchTextAmazon(AmazonSearchProduct.java:23)
at TestNG_sample_codes.AmazonSearchProduct.SearchTextAmazon(AmazonSearchProduct.java:23)
at TestNG_sample_codes.AmazonSearchProduct.SearchTextAmazon(AmazonSearchProduct.java:23)
at TestNG_sample_codes.AmazonSearchProduct.SearchTextAmazon(AmazonSearchProduct.java:23)
at TestNG_sample_codes.AmazonSearchProduct.SearchTextAmazon(AmazonSearchProduct.java:23)
at TestNG_sample_codes.AmazonSearchProduct.SearchTextAmazon(AmazonSearchProduct.java:23)
at TestNG_sample_codes.AmazonSearchProduct.SearchTextAmazon(AmazonSearchProduct.java:23)
at TestNG_sample_codes.AmazonSearchProduct.SearchTextAmazon(AmazonSearchProduct.java:23)
at TestNG_sample_codes.AmazonSearchProduct.SearchTextAmazon(AmazonSearchProduct.java:23)
at TestNG_sample_codes.AmazonSearchProduct.SearchTextAmazon(AmazonSearchProduct.java:23)
at TestNG_sample_codes.AmazonSearchProduct.SearchTextAmazon(AmazonSearchProduct.java:23)
at TestNG_sample_codes.AmazonSearchProduct.SearchTextAmazon(AmazonSearchProduct.java:23)
at TestNG_sample_codes.AmazonSearchProduct.SearchTextAmazon(AmazonSearchProduct.java:23)
at TestNG_sample_codes.AmazonSearchProduct.SearchTextAmazon(AmazonSearchProduct.java:23)
at TestNG_sample_codes.AmazonSearchProduct.SearchTextAmazon(AmazonSearchProduct.java:23)
at TestNG_sample_codes.AmazonSearchProduct.SearchTextAmazon(AmazonSearchProduct.java:23)
at TestNG_sample_codes.AmazonSearchProduct.SearchTextAmazon(AmazonSearchProduct.java:23)
at TestNG_sample_codes.AmazonSearchProduct.SearchTextAmazon(AmazonSearchProduct.java:23)
at TestNG_sample_codes.AmazonSearchProduct.SearchTextAmazon(AmazonSearchProduct.java:23)
at TestNG_sample_codes.AmazonSearchProduct.SearchTextAmazon(AmazonSearchProduct.java:23)
at TestNG_sample_codes.AmazonSearchProduct.SearchTextAmazon(AmazonSearchProduct.java:23)
at TestNG_sample_codes.AmazonSearchProduct.SearchTextAmazon(AmazonSearchProduct.java:23)
at TestNG_sample_codes.AmazonSearchProduct.SearchTextAmazon(AmazonSearchProduct.java:23)
at TestNG_sample_codes.AmazonSearchProduct.SearchTextAmazon(AmazonSearchProduct.java:23)
at TestNG_sample_codes.AmazonSearchProduct.SearchTextAmazon(AmazonSearchProduct.java:23)
at TestNG_sample_codes.AmazonSearchProduct.SearchTextAmazon(AmazonSearchProduct.java:23)
at TestNG_sample_codes.AmazonSearchProduct.SearchTextAmazon(AmazonSearchProduct.java:23)
at TestNG_sample_codes.AmazonSearchProduct.SearchTextAmazon(AmazonSearchProduct.java:23)
at TestNG_sample_codes.AmazonSearchProduct.SearchTextAmazon(AmazonSearchProduct.java:23)
at TestNG_sample_codes.AmazonSearchProduct.SearchTextAmazon(AmazonSearchProduct.java:23)
at TestNG_sample_codes.AmazonSearchProduct.SearchTextAmazon(AmazonSearchProduct.java:23)
at TestNG_sample_codes.AmazonSearchProduct.SearchTextAmazon(AmazonSearchProduct.java:23)
at TestNG_sample_codes.AmazonSearchProduct.SearchTextAmazon(AmazonSearchProduct.java:23)
at TestNG_sample_codes.AmazonSearchProduct.SearchTextAmazon(AmazonSearchProduct.java:23)
at TestNG_sample_codes.AmazonSearchProduct.SearchTextAmazon(AmazonSearchProduct.java:23)
at TestNG_sample_codes.AmazonSearchProduct.SearchTextAmazon(AmazonSearchProduct.java:23)
at TestNG_sample_codes.AmazonSearchProduct.SearchTextAmazon(AmazonSearchProduct.java:23)
at TestNG_sample_codes.AmazonSearchProduct.SearchTextAmazon(AmazonSearchProduct.java:23)
at TestNG_sample_codes.AmazonSearchProduct.SearchTextAmazon(AmazonSearchProduct.java:23)
at TestNG_sample_codes.AmazonSearchProduct.SearchTextAmazon(AmazonSearchProduct.java:23)
at TestNG_sample_codes.AmazonSearchProduct.SearchTextAmazon(AmazonSearchProduct.java:23)
at TestNG_sample_codes.AmazonSearchProduct.SearchTextAmazon(AmazonSearchProduct.java:23)
at TestNG_sample_codes.AmazonSearchProduct.SearchTextAmazon(AmazonSearchProduct.java:23)
at TestNG_sample_codes.AmazonSearchProduct.SearchTextAmazon(AmazonSearchProduct.java:23)
at TestNG_sample_codes.AmazonSearchProduct.SearchTextAmazon(AmazonSearchProduct.java:23)
at TestNG_sample_codes.AmazonSearchProduct.SearchTextAmazon(AmazonSearchProduct.java:23)
at TestNG_sample_codes.AmazonSearchProduct.SearchTextAmazon(AmazonSearchProduct.java:23)
at TestNG_sample_codes.AmazonSearchProduct.SearchTextAmazon(AmazonSearchProduct.java:23)
at TestNG_sample_codes.AmazonSearchProduct.SearchTextAmazon(AmazonSearchProduct.java:23)
at TestNG_sample_codes.AmazonSearchProduct.SearchTextAmazon(AmazonSearchProduct.java:23)
at TestNG_sample_codes.AmazonSearchProduct.SearchTextAmazon(AmazonSearchProduct.java:23)
at TestNG_sample_codes.AmazonSearchProduct.SearchTextAmazon(AmazonSearchProduct.java:23)
at TestNG_sample_codes.AmazonSearchProduct.SearchTextAmazon(AmazonSearchProduct.java:23)
at TestNG_sample_codes.AmazonSearchProduct.SearchTextAmazon(AmazonSearchProduct.java:23)
at TestNG_sample_codes.AmazonSearchProduct.SearchTextAmazon(AmazonSearchProduct.java:23)
at TestNG_sample_codes.AmazonSearchProduct.SearchTextAmazon(AmazonSearchProduct.java:23)
at TestNG_sample_codes.AmazonSearchProduct.SearchTextAmazon(AmazonSearchProduct.java:23)
at TestNG_sample_codes.AmazonSearchProduct.SearchTextAmazon(AmazonSearchProduct.java:23)
at TestNG_sample_codes.AmazonSearchProduct.SearchTextAmazon(AmazonSearchProduct.java:23)
at TestNG_sample_codes.AmazonSearchProduct.SearchTextAmazon(AmazonSearchProduct.java:23)
at TestNG_sample_codes.AmazonSearchProduct.SearchTextAmazon(AmazonSearchProduct.java:23)
at TestNG_sample_codes.AmazonSearchProduct.SearchTextAmazon(AmazonSearchProduct.java:23)
at TestNG_sample_codes.AmazonSearchProduct.SearchTextAmazon(AmazonSearchProduct.java:23)
at TestNG_sample_codes.AmazonSearchProduct.SearchTextAmazon(AmazonSearchProduct.java:23)
at TestNG_sample_codes.AmazonSearchProduct.SearchTextAmazon(AmazonSearchProduct.java:23)
at TestNG_sample_codes.AmazonSearchProduct.SearchTextAmazon(AmazonSearchProduct.java:23)
at TestNG_sample_codes.AmazonSearchProduct.SearchTextAmazon(AmazonSearchProduct.java:23)
at TestNG_sample_codes.AmazonSearchProduct.SearchTextAmazon(AmazonSearchProduct.java:23)
at TestNG_sample_codes.AmazonSearchProduct.SearchTextAmazon(AmazonSearchProduct.java:23)
at TestNG_sample_codes.AmazonSearchProduct.SearchTextAmazon(AmazonSearchProduct.java:23)
at TestNG_sample_codes.AmazonSearchProduct.SearchTextAmazon(AmazonSearchProduct.java:23)
at TestNG_sample_codes.AmazonSearchProduct.SearchTextAmazon(AmazonSearchProduct.java:23)
at TestNG_sample_codes.AmazonSearchProduct.SearchTextAmazon(AmazonSearchProduct.java:23)
at TestNG_sample_codes.AmazonSearchProduct.SearchTextAmazon(AmazonSearchProduct.java:23)
at TestNG_sample_codes.AmazonSearchProduct.SearchTextAmazon(AmazonSearchProduct.java:23)
at TestNG_sample_codes.AmazonSearchProduct.SearchTextAmazon(AmazonSearchProduct.java:23)
at TestNG_sample_codes.AmazonSearchProduct.SearchTextAmazon(AmazonSearchProduct.java:23)
at TestNG_sample_codes.AmazonSearchProduct.SearchTextAmazon(AmazonSearchProduct.java:23)
at TestNG_sample_codes.AmazonSearchProduct.SearchTextAmazon(AmazonSearchProduct.java:23)
at TestNG_sample_codes.AmazonSearchProduct.SearchTextAmazon(AmazonSearchProduct.java:23)
at TestNG_sample_codes.AmazonSearchProduct.SearchTextAmazon(AmazonSearchProduct.java:23)
at TestNG_sample_codes.AmazonSearchProduct.SearchTextAmazon(AmazonSearchProduct.java:23)
at TestNG_sample_codes.AmazonSearchProduct.SearchTextAmazon(AmazonSearchProduct.java:23)
at TestNG_sample_codes.AmazonSearchProduct.SearchTextAmazon(AmazonSearchProduct.java:23)
at TestNG_sample_codes.AmazonSearchProduct.SearchTextAmazon(AmazonSearchProduct.java:23)
at TestNG_sample_codes.AmazonSearchProduct.SearchTextAmazon(AmazonSearchProduct.java:23)
at TestNG_sample_codes.AmazonSearchProduct.SearchTextAmazon(AmazonSearchProduct.java:23)
at TestNG_sample_codes.AmazonSearchProduct.SearchTextAmazon(AmazonSearchProduct.java:23)
at TestNG_sample_codes.AmazonSearchProduct.SearchTextAmazon(AmazonSearchProduct.java:23)
at TestNG_sample_codes.AmazonSearchProduct.SearchTextAmazon(AmazonSearchProduct.java:23)
at TestNG_sample_codes.AmazonSearchProduct.SearchTextAmazon(AmazonSearchProduct.java:23)
at TestNG_sample_codes.AmazonSearchProduct.SearchTextAmazon(AmazonSearchProduct.java:23)
at TestNG_sample_codes.AmazonSearchProduct.SearchTextAmazon(AmazonSearchProduct.java:23)
at TestNG_sample_codes.AmazonSearchProduct.SearchTextAmazon(AmazonSearchProduct.java:23)
at TestNG_sample_codes.AmazonSearchProduct.SearchTextAmazon(AmazonSearchProduct.java:23)
at TestNG_sample_codes.AmazonSearchProduct.SearchTextAmazon(AmazonSearchProduct.java:23)
at TestNG_sample_codes.AmazonSearchProduct.SearchTextAmazon(AmazonSearchProduct.java:23)
at TestNG_sample_codes.AmazonSearchProduct.SearchTextAmazon(AmazonSearchProduct.java:23)
at TestNG_sample_codes.AmazonSearchProduct.SearchTextAmazon(AmazonSearchProduct.java:23)
at TestNG_sample_codes.AmazonSearchProduct.SearchTextAmazon(AmazonSearchProduct.java:23)
at TestNG_sample_codes.AmazonSearchProduct.SearchTextAmazon(AmazonSearchProduct.java:23)
at TestNG_sample_codes.AmazonSearchProduct.SearchTextAmazon(AmazonSearchProduct.java:23)
at TestNG_sample_codes.AmazonSearchProduct.SearchTextAmazon(AmazonSearchProduct.java:23)
at TestNG_sample_codes.AmazonSearchProduct.SearchTextAmazon(AmazonSearchProduct.java:23)
at TestNG_sample_codes.AmazonSearchProduct.SearchTextAmazon(AmazonSearchProduct.java:23)
at TestNG_sample_codes.AmazonSearchProduct.SearchTextAmazon(AmazonSearchProduct.java:23)
at TestNG_sample_codes.AmazonSearchProduct.SearchTextAmazon(AmazonSearchProduct.java:23)
at TestNG_sample_codes.AmazonSearchProduct.SearchTextAmazon(AmazonSearchProduct.java:23)
at TestNG_sample_codes.AmazonSearchProduct.SearchTextAmazon(AmazonSearchProduct.java:23)
at TestNG_sample_codes.AmazonSearchProduct.SearchTextAmazon(AmazonSearchProduct.java:23)
at TestNG_sample_codes.AmazonSearchProduct.SearchTextAmazon(AmazonSearchProduct.java:23)
at TestNG_sample_codes.AmazonSearchProduct.SearchTextAmazon(AmazonSearchProduct.java:23)
at TestNG_sample_codes.AmazonSearchProduct.SearchTextAmazon(AmazonSearchProduct.java:23)
at TestNG_sample_codes.AmazonSearchProduct.SearchTextAmazon(AmazonSearchProduct.java:23)
at TestNG_sample_codes.AmazonSearchProduct.SearchTextAmazon(AmazonSearchProduct.java:23)
at TestNG_sample_codes.AmazonSearchProduct.SearchTextAmazon(AmazonSearchProduct.java:23)
at TestNG_sample_codes.AmazonSearchProduct.SearchTextAmazon(AmazonSearchProduct.java:23)
at TestNG_sample_codes.AmazonSearchProduct.SearchTextAmazon(AmazonSearchProduct.java:23)
at TestNG_sample_codes.AmazonSearchProduct.SearchTextAmazon(AmazonSearchProduct.java:23)
at TestNG_sample_codes.AmazonSearchProduct.SearchTextAmazon(AmazonSearchProduct.java:23)
at TestNG_sample_codes.AmazonSearchProduct.SearchTextAmazon(AmazonSearchProduct.java:23)
at TestNG_sample_codes.AmazonSearchProduct.SearchTextAmazon(AmazonSearchProduct.java:23)
at TestNG_sample_codes.AmazonSearchProduct.SearchTextAmazon(AmazonSearchProduct.java:23)
at TestNG_sample_codes.AmazonSearchProduct.SearchTextAmazon(AmazonSearchProduct.java:23)
at TestNG_sample_codes.AmazonSearchProduct.SearchTextAmazon(AmazonSearchProduct.java:23)
at TestNG_sample_codes.AmazonSearchProduct.SearchTextAmazon(AmazonSearchProduct.java:23)
at TestNG_sample_codes.AmazonSearchProduct.SearchTextAmazon(AmazonSearchProduct.java:23)
at TestNG_sample_codes.AmazonSearchProduct.SearchTextAmazon(AmazonSearchProduct.java:23)
at TestNG_sample_codes.AmazonSearchProduct.SearchTextAmazon(AmazonSearchProduct.java:23)
at TestNG_sample_codes.AmazonSearchProduct.SearchTextAmazon(AmazonSearchProduct.java:23)
at TestNG_sample_codes.AmazonSearchProduct.SearchTextAmazon(AmazonSearchProduct.java:23)
at TestNG_sample_codes.AmazonSearchProduct.SearchTextAmazon(AmazonSearchProduct.java:23)
at TestNG_sample_codes.AmazonSearchProduct.SearchTextAmazon(AmazonSearchProduct.java:23)
at TestNG_sample_codes.AmazonSearchProduct.SearchTextAmazon(AmazonSearchProduct.java:23)
at TestNG_sample_codes.AmazonSearchProduct.SearchTextAmazon(AmazonSearchProduct.java:23)
at TestNG_sample_codes.AmazonSearchProduct.SearchTextAmazon(AmazonSearchProduct.java:23)
at TestNG_sample_codes.AmazonSearchProduct.SearchTextAmazon(AmazonSearchProduct.java:23)
at TestNG_sample_codes.AmazonSearchProduct.SearchTextAmazon(AmazonSearchProduct.java:23)
at TestNG_sample_codes.AmazonSearchProduct.SearchTextAmazon(AmazonSearchProduct.java:23)
at TestNG_sample_codes.AmazonSearchProduct.SearchTextAmazon(AmazonSearchProduct.java:23)
at TestNG_sample_codes.AmazonSearchProduct.SearchTextAmazon(AmazonSearchProduct.java:23)
at TestNG_sample_codes.AmazonSearchProduct.SearchTextAmazon(AmazonSearchProduct.java:23)
at TestNG_sample_codes.AmazonSearchProduct.SearchTextAmazon(AmazonSearchProduct.java:23)
at TestNG_sample_codes.AmazonSearchProduct.SearchTextAmazon(AmazonSearchProduct.java:23)
at TestNG_sample_codes.AmazonSearchProduct.SearchTextAmazon(AmazonSearchProduct.java:23)
at TestNG_sample_codes.AmazonSearchProduct.SearchTextAmazon(AmazonSearchProduct.java:23)
at TestNG_sample_codes.AmazonSearchProduct.SearchTextAmazon(AmazonSearchProduct.java:23)
at TestNG_sample_codes.AmazonSearchProduct.SearchTextAmazon(AmazonSearchProduct.java:23)
at TestNG_sample_codes.AmazonSearchProduct.SearchTextAmazon(AmazonSearchProduct.java:23)
at TestNG_sample_codes.AmazonSearchProduct.SearchTextAmazon(AmazonSearchProduct.java:23)
at TestNG_sample_codes.AmazonSearchProduct.SearchTextAmazon(AmazonSearchProduct.java:23)
at TestNG_sample_codes.AmazonSearchProduct.SearchTextAmazon(AmazonSearchProduct.java:23)
at TestNG_sample_codes.AmazonSearchProduct.SearchTextAmazon(AmazonSearchProduct.java:23)
at TestNG_sample_codes.AmazonSearchProduct.SearchTextAmazon(AmazonSearchProduct.java:23)
at TestNG_sample_codes.AmazonSearchProduct.SearchTextAmazon(AmazonSearchProduct.java:23)
at TestNG_sample_codes.AmazonSearchProduct.SearchTextAmazon(AmazonSearchProduct.java:23)
at TestNG_sample_codes.AmazonSearchProduct.SearchTextAmazon(AmazonSearchProduct.java:23)
at TestNG_sample_codes.AmazonSearchProduct.SearchTextAmazon(AmazonSearchProduct.java:23)
at TestNG_sample_codes.AmazonSearchProduct.SearchTextAmazon(AmazonSearchProduct.java:23)
at TestNG_sample_codes.AmazonSearchProduct.SearchTextAmazon(AmazonSearchProduct.java:23)
at TestNG_sample_codes.AmazonSearchProduct.SearchTextAmazon(AmazonSearchProduct.java:23)
at TestNG_sample_codes.AmazonSearchProduct.SearchTextAmazon(AmazonSearchProduct.java:23)
at TestNG_sample_codes.AmazonSearchProduct.SearchTextAmazon(AmazonSearchProduct.java:23)
at TestNG_sample_codes.AmazonSearchProduct.SearchTextAmazon(AmazonSearchProduct.java:23)
at TestNG_sample_codes.AmazonSearchProduct.SearchTextAmazon(AmazonSearchProduct.java:23)
at TestNG_sample_codes.AmazonSearchProduct.SearchTextAmazon(AmazonSearchProduct.java:23)
at TestNG_sample_codes.AmazonSearchProduct.SearchTextAmazon(AmazonSearchProduct.java:23)
at TestNG_sample_codes.AmazonSearchProduct.SearchTextAmazon(AmazonSearchProduct.java:23)
at TestNG_sample_codes.AmazonSearchProduct.SearchTextAmazon(AmazonSearchProduct.java:23)
at TestNG_sample_codes.AmazonSearchProduct.SearchTextAmazon(AmazonSearchProduct.java:23)
at TestNG_sample_codes.AmazonSearchProduct.SearchTextAmazon(AmazonSearchProduct.java:23)
at TestNG_sample_codes.AmazonSearchProduct.SearchTextAmazon(AmazonSearchProduct.java:23)
at TestNG_sample_codes.AmazonSearchProduct.SearchTextAmazon(AmazonSearchProduct.java:23)
at TestNG_sample_codes.AmazonSearchProduct.SearchTextAmazon(AmazonSearchProduct.java:23)
at TestNG_sample_codes.AmazonSearchProduct.SearchTextAmazon(AmazonSearchProduct.java:23)
at TestNG_sample_codes.AmazonSearchProduct.SearchTextAmazon(AmazonSearchProduct.java:23)
at TestNG_sample_codes.AmazonSearchProduct.SearchTextAmazon(AmazonSearchProduct.java:23)
at TestNG_sample_codes.AmazonSearchProduct.SearchTextAmazon(AmazonSearchProduct.java:23)
at TestNG_sample_codes.AmazonSearchProduct.SearchTextAmazon(AmazonSearchProduct.java:23)
at TestNG_sample_codes.AmazonSearchProduct.SearchTextAmazon(AmazonSearchProduct.java:23)
at TestNG_sample_codes.AmazonSearchProduct.SearchTextAmazon(AmazonSearchProduct.java:23)
at TestNG_sample_codes.AmazonSearchProduct.SearchTextAmazon(AmazonSearchProduct.java:23)
at TestNG_sample_codes.AmazonSearchProduct.SearchTextAmazon(AmazonSearchProduct.java:23)
at TestNG_sample_codes.AmazonSearchProduct.SearchTextAmazon(AmazonSearchProduct.java:23)
at TestNG_sample_codes.AmazonSearchProduct.SearchTextAmazon(AmazonSearchProduct.java:23)
at TestNG_sample_codes.AmazonSearchProduct.SearchTextAmazon(AmazonSearchProduct.java:23)
at TestNG_sample_codes.AmazonSearchProduct.SearchTextAmazon(AmazonSearchProduct.java:23)
at TestNG_sample_codes.AmazonSearchProduct.SearchTextAmazon(AmazonSearchProduct.java:23)
at TestNG_sample_codes.AmazonSearchProduct.SearchTextAmazon(AmazonSearchProduct.java:23)
at TestNG_sample_codes.AmazonSearchProduct.SearchTextAmazon(AmazonSearchProduct.java:23)
at TestNG_sample_codes.AmazonSearchProduct.SearchTextAmazon(AmazonSearchProduct.java:23)
at TestNG_sample_codes.AmazonSearchProduct.SearchTextAmazon(AmazonSearchProduct.java:23)
at TestNG_sample_codes.AmazonSearchProduct.SearchTextAmazon(AmazonSearchProduct.java:23)
at TestNG_sample_codes.AmazonSearchProduct.SearchTextAmazon(AmazonSearchProduct.java:23)
at TestNG_sample_codes.AmazonSearchProduct.SearchTextAmazon(AmazonSearchProduct.java:23)
at TestNG_sample_codes.AmazonSearchProduct.SearchTextAmazon(AmazonSearchProduct.java:23)
at TestNG_sample_codes.AmazonSearchProduct.SearchTextAmazon(AmazonSearchProduct.java:23)
at TestNG_sample_codes.AmazonSearchProduct.SearchTextAmazon(AmazonSearchProduct.java:23)
at TestNG_sample_codes.AmazonSearchProduct.SearchTextAmazon(AmazonSearchProduct.java:23)
at TestNG_sample_codes.AmazonSearchProduct.SearchTextAmazon(AmazonSearchProduct.java:23)
at TestNG_sample_codes.AmazonSearchProduct.SearchTextAmazon(AmazonSearchProduct.java:23)
at TestNG_sample_codes.AmazonSearchProduct.SearchTextAmazon(AmazonSearchProduct.java:23)
at TestNG_sample_codes.AmazonSearchProduct.SearchTextAmazon(AmazonSearchProduct.java:23)
at TestNG_sample_codes.AmazonSearchProduct.SearchTextAmazon(AmazonSearchProduct.java:23)
at TestNG_sample_codes.AmazonSearchProduct.SearchTextAmazon(AmazonSearchProduct.java:23)
at TestNG_sample_codes.AmazonSearchProduct.SearchTextAmazon(AmazonSearchProduct.java:23)
at TestNG_sample_codes.AmazonSearchProduct.SearchTextAmazon(AmazonSearchProduct.java:23)
at TestNG_sample_codes.AmazonSearchProduct.SearchTextAmazon(AmazonSearchProduct.java:23)
at TestNG_sample_codes.AmazonSearchProduct.SearchTextAmazon(AmazonSearchProduct.java:23)
at TestNG_sample_codes.AmazonSearchProduct.SearchTextAmazon(AmazonSearchProduct.java:23)
at TestNG_sample_codes.AmazonSearchProduct.SearchTextAmazon(AmazonSearchProduct.java:23)
at TestNG_sample_codes.AmazonSearchProduct.SearchTextAmazon(AmazonSearchProduct.java:23)
at TestNG_sample_codes.AmazonSearchProduct.SearchTextAmazon(AmazonSearchProduct.java:23)
at TestNG_sample_codes.AmazonSearchProduct.SearchTextAmazon(AmazonSearchProduct.java:23)
at TestNG_sample_codes.AmazonSearchProduct.SearchTextAmazon(AmazonSearchProduct.java:23)
at TestNG_sample_codes.AmazonSearchProduct.SearchTextAmazon(AmazonSearchProduct.java:23)
at TestNG_sample_codes.AmazonSearchProduct.SearchTextAmazon(AmazonSearchProduct.java:23)
at TestNG_sample_codes.AmazonSearchProduct.SearchTextAmazon(AmazonSearchProduct.java:23)
at TestNG_sample_codes.AmazonSearchProduct.SearchTextAmazon(AmazonSearchProduct.java:23)
at TestNG_sample_codes.AmazonSearchProduct.SearchTextAmazon(AmazonSearchProduct.java:23)
at TestNG_sample_codes.AmazonSearchProduct.SearchTextAmazon(AmazonSearchProduct.java:23)
at TestNG_sample_codes.AmazonSearchProduct.SearchTextAmazon(AmazonSearchProduct.java:23)
at TestNG_sample_codes.AmazonSearchProduct.SearchTextAmazon(AmazonSearchProduct.java:23)
at TestNG_sample_codes.AmazonSearchProduct.SearchTextAmazon(AmazonSearchProduct.java:23)
at TestNG_sample_codes.AmazonSearchProduct.SearchTextAmazon(AmazonSearchProduct.java:23)
at TestNG_sample_codes.AmazonSearchProduct.SearchTextAmazon(AmazonSearchProduct.java:23)
at TestNG_sample_codes.AmazonSearchProduct.SearchTextAmazon(AmazonSearchProduct.java:23)
at TestNG_sample_codes.AmazonSearchProduct.SearchTextAmazon(AmazonSearchProduct.java:23)
at TestNG_sample_codes.AmazonSearchProduct.SearchTextAmazon(AmazonSearchProduct.java:23)
at TestNG_sample_codes.AmazonSearchProduct.SearchTextAmazon(AmazonSearchProduct.java:23)
at TestNG_sample_codes.AmazonSearchProduct.SearchTextAmazon(AmazonSearchProduct.java:23)
at TestNG_sample_codes.AmazonSearchProduct.SearchTextAmazon(AmazonSearchProduct.java:23)
at TestNG_sample_codes.AmazonSearchProduct.SearchTextAmazon(AmazonSearchProduct.java:23)
at TestNG_sample_codes.AmazonSearchProduct.SearchTextAmazon(AmazonSearchProduct.java:23)
at TestNG_sample_codes.AmazonSearchProduct.SearchTextAmazon(AmazonSearchProduct.java:23)
at TestNG_sample_codes.AmazonSearchProduct.SearchTextAmazon(AmazonSearchProduct.java:23)
at TestNG_sample_codes.AmazonSearchProduct.SearchTextAmazon(AmazonSearchProduct.java:23)
at TestNG_sample_codes.AmazonSearchProduct.SearchTextAmazon(AmazonSearchProduct.java:23)
at TestNG_sample_codes.AmazonSearchProduct.SearchTextAmazon(AmazonSearchProduct.java:23)
at TestNG_sample_codes.AmazonSearchProduct.SearchTextAmazon(AmazonSearchProduct.java:23)
at TestNG_sample_codes.AmazonSearchProduct.SearchTextAmazon(AmazonSearchProduct.java:23)
at TestNG_sample_codes.AmazonSearchProduct.SearchTextAmazon(AmazonSearchProduct.java:23)
at TestNG_sample_codes.AmazonSearchProduct.SearchTextAmazon(AmazonSearchProduct.java:23)
at TestNG_sample_codes.AmazonSearchProduct.SearchTextAmazon(AmazonSearchProduct.java:23)
at TestNG_sample_codes.AmazonSearchProduct.SearchTextAmazon(AmazonSearchProduct.java:23)
at TestNG_sample_codes.AmazonSearchProduct.SearchTextAmazon(AmazonSearchProduct.java:23)
at TestNG_sample_codes.AmazonSearchProduct.SearchTextAmazon(AmazonSearchProduct.java:23)
at TestNG_sample_codes.AmazonSearchProduct.SearchTextAmazon(AmazonSearchProduct.java:23)
at TestNG_sample_codes.AmazonSearchProduct.SearchTextAmazon(AmazonSearchProduct.java:23)
at TestNG_sample_codes.AmazonSearchProduct.SearchTextAmazon(AmazonSearchProduct.java:23)
at TestNG_sample_codes.AmazonSearchProduct.SearchTextAmazon(AmazonSearchProduct.java:23)
at TestNG_sample_codes.AmazonSearchProduct.SearchTextAmazon(AmazonSearchProduct.java:23)
at TestNG_sample_codes.AmazonSearchProduct.SearchTextAmazon(AmazonSearchProduct.java:23)
at TestNG_sample_codes.AmazonSearchProduct.SearchTextAmazon(AmazonSearchProduct.java:23)
at TestNG_sample_codes.AmazonSearchProduct.SearchTextAmazon(AmazonSearchProduct.java:23)
at TestNG_sample_codes.AmazonSearchProduct.SearchTextAmazon(AmazonSearchProduct.java:23)
at TestNG_sample_codes.AmazonSearchProduct.SearchTextAmazon(AmazonSearchProduct.java:23)
at TestNG_sample_codes.AmazonSearchProduct.SearchTextAmazon(AmazonSearchProduct.java:23)
at TestNG_sample_codes.AmazonSearchProduct.SearchTextAmazon(AmazonSearchProduct.java:23)
at TestNG_sample_codes.AmazonSearchProduct.SearchTextAmazon(AmazonSearchProduct.java:23)
at TestNG_sample_codes.AmazonSearchProduct.SearchTextAmazon(AmazonSearchProduct.java:23)
at TestNG_sample_codes.AmazonSearchProduct.SearchTextAmazon(AmazonSearchProduct.java:23)
at TestNG_sample_codes.AmazonSearchProduct.SearchTextAmazon(AmazonSearchProduct.java:23)
at TestNG_sample_codes.AmazonSearchProduct.SearchTextAmazon(AmazonSearchProduct.java:23)
at TestNG_sample_codes.AmazonSearchProduct.SearchTextAmazon(AmazonSearchProduct.java:23)
at TestNG_sample_codes.AmazonSearchProduct.SearchTextAmazon(AmazonSearchProduct.java:23)
at TestNG_sample_codes.AmazonSearchProduct.SearchTextAmazon(AmazonSearchProduct.java:23)
at TestNG_sample_codes.AmazonSearchProduct.SearchTextAmazon(AmazonSearchProduct.java:23)
at TestNG_sample_codes.AmazonSearchProduct.SearchTextAmazon(AmazonSearchProduct.java:23)
at TestNG_sample_codes.AmazonSearchProduct.SearchTextAmazon(AmazonSearchProduct.java:23)
at TestNG_sample_codes.AmazonSearchProduct.SearchTextAmazon(AmazonSearchProduct.java:23)
at TestNG_sample_codes.AmazonSearchProduct.SearchTextAmazon(AmazonSearchProduct.java:23)
at TestNG_sample_codes.AmazonSearchProduct.SearchTextAmazon(AmazonSearchProduct.java:23)
at TestNG_sample_codes.AmazonSearchProduct.SearchTextAmazon(AmazonSearchProduct.java:23)
at TestNG_sample_codes.AmazonSearchProduct.SearchTextAmazon(AmazonSearchProduct.java:23)
at TestNG_sample_codes.AmazonSearchProduct.SearchTextAmazon(AmazonSearchProduct.java:23)
at TestNG_sample_codes.AmazonSearchProduct.SearchTextAmazon(AmazonSearchProduct.java:23)
at TestNG_sample_codes.AmazonSearchProduct.SearchTextAmazon(AmazonSearchProduct.java:23)
at TestNG_sample_codes.AmazonSearchProduct.SearchTextAmazon(AmazonSearchProduct.java:23)
at TestNG_sample_codes.AmazonSearchProduct.SearchTextAmazon(AmazonSearchProduct.java:23)
at TestNG_sample_codes.AmazonSearchProduct.SearchTextAmazon(AmazonSearchProduct.java:23)
at TestNG_sample_codes.AmazonSearchProduct.SearchTextAmazon(AmazonSearchProduct.java:23)
at TestNG_sample_codes.AmazonSearchProduct.SearchTextAmazon(AmazonSearchProduct.java:23)
at TestNG_sample_codes.AmazonSearchProduct.SearchTextAmazon(AmazonSearchProduct.java:23)
at TestNG_sample_codes.AmazonSearchProduct.SearchTextAmazon(AmazonSearchProduct.java:23)
at TestNG_sample_codes.AmazonSearchProduct.SearchTextAmazon(AmazonSearchProduct.java:23)
at TestNG_sample_codes.AmazonSearchProduct.SearchTextAmazon(AmazonSearchProduct.java:23)
at TestNG_sample_codes.AmazonSearchProduct.SearchTextAmazon(AmazonSearchProduct.java:23)
at TestNG_sample_codes.AmazonSearchProduct.SearchTextAmazon(AmazonSearchProduct.java:23)
at TestNG_sample_codes.AmazonSearchProduct.SearchTextAmazon(AmazonSearchProduct.java:23)
at TestNG_sample_codes.AmazonSearchProduct.SearchTextAmazon(AmazonSearchProduct.java:23)
at TestNG_sample_codes.AmazonSearchProduct.SearchTextAmazon(AmazonSearchProduct.java:23)
at TestNG_sample_codes.AmazonSearchProduct.SearchTextAmazon(AmazonSearchProduct.java:23)
at TestNG_sample_codes.AmazonSearchProduct.SearchTextAmazon(AmazonSearchProduct.java:23)
at TestNG_sample_codes.AmazonSearchProduct.SearchTextAmazon(AmazonSearchProduct.java:23)
at TestNG_sample_codes.AmazonSearchProduct.SearchTextAmazon(AmazonSearchProduct.java:23)
at TestNG_sample_codes.AmazonSearchProduct.SearchTextAmazon(AmazonSearchProduct.java:23)
at TestNG_sample_codes.AmazonSearchProduct.SearchTextAmazon(AmazonSearchProduct.java:23)
at TestNG_sample_codes.AmazonSearchProduct.SearchTextAmazon(AmazonSearchProduct.java:23)
at TestNG_sample_codes.AmazonSearchProduct.SearchTextAmazon(AmazonSearchProduct.java:23)
at TestNG_sample_codes.AmazonSearchProduct.SearchTextAmazon(AmazonSearchProduct.java:23)
at TestNG_sample_codes.AmazonSearchProduct.SearchTextAmazon(AmazonSearchProduct.java:23)
at TestNG_sample_codes.AmazonSearchProduct.SearchTextAmazon(AmazonSearchProduct.java:23)
at TestNG_sample_codes.AmazonSearchProduct.SearchTextAmazon(AmazonSearchProduct.java:23)
at TestNG_sample_codes.AmazonSearchProduct.SearchTextAmazon(AmazonSearchProduct.java:23)
at TestNG_sample_codes.AmazonSearchProduct.SearchTextAmazon(AmazonSearchProduct.java:23)
at TestNG_sample_codes.AmazonSearchProduct.SearchTextAmazon(AmazonSearchProduct.java:23)
at TestNG_sample_codes.AmazonSearchProduct.SearchTextAmazon(AmazonSearchProduct.java:23)
at TestNG_sample_codes.AmazonSearchProduct.SearchTextAmazon(AmazonSearchProduct.java:23)
at TestNG_sample_codes.AmazonSearchProduct.SearchTextAmazon(AmazonSearchProduct.java:23)
at TestNG_sample_codes.AmazonSearchProduct.SearchTextAmazon(AmazonSearchProduct.java:23)
at TestNG_sample_codes.AmazonSearchProduct.SearchTextAmazon(AmazonSearchProduct.java:23)
at TestNG_sample_codes.AmazonSearchProduct.SearchTextAmazon(AmazonSearchProduct.java:23)
at TestNG_sample_codes.AmazonSearchProduct.SearchTextAmazon(AmazonSearchProduct.java:23)
at TestNG_sample_codes.AmazonSearchProduct.SearchTextAmazon(AmazonSearchProduct.java:23)
at TestNG_sample_codes.AmazonSearchProduct.SearchTextAmazon(AmazonSearchProduct.java:23)
at TestNG_sample_codes.AmazonSearchProduct.SearchTextAmazon(AmazonSearchProduct.java:23)
at TestNG_sample_codes.AmazonSearchProduct.SearchTextAmazon(AmazonSearchProduct.java:23)
at TestNG_sample_codes.AmazonSearchProduct.SearchTextAmazon(AmazonSearchProduct.java:23)
at TestNG_sample_codes.AmazonSearchProduct.SearchTextAmazon(AmazonSearchProduct.java:23)
at TestNG_sample_codes.AmazonSearchProduct.SearchTextAmazon(AmazonSearchProduct.java:23)
at TestNG_sample_codes.AmazonSearchProduct.SearchTextAmazon(AmazonSearchProduct.java:23)
at TestNG_sample_codes.AmazonSearchProduct.SearchTextAmazon(AmazonSearchProduct.java:23)
at TestNG_sample_codes.AmazonSearchProduct.SearchTextAmazon(AmazonSearchProduct.java:23)
at TestNG_sample_codes.AmazonSearchProduct.SearchTextAmazon(AmazonSearchProduct.java:23)
at TestNG_sample_codes.AmazonSearchProduct.SearchTextAmazon(AmazonSearchProduct.java:23)
at TestNG_sample_codes.AmazonSearchProduct.SearchTextAmazon(AmazonSearchProduct.java:23)
at TestNG_sample_codes.AmazonSearchProduct.SearchTextAmazon(AmazonSearchProduct.java:23)
at TestNG_sample_codes.AmazonSearchProduct.SearchTextAmazon(AmazonSearchProduct.java:23)
at TestNG_sample_codes.AmazonSearchProduct.SearchTextAmazon(AmazonSearchProduct.java:23)
at TestNG_sample_codes.AmazonSearchProduct.SearchTextAmazon(AmazonSearchProduct.java:23)
at TestNG_sample_codes.AmazonSearchProduct.SearchTextAmazon(AmazonSearchProduct.java:23)
at TestNG_sample_codes.AmazonSearchProduct.SearchTextAmazon(AmazonSearchProduct.java:23)
at TestNG_sample_codes.AmazonSearchProduct.SearchTextAmazon(AmazonSearchProduct.java:23)
at TestNG_sample_codes.AmazonSearchProduct.SearchTextAmazon(AmazonSearchProduct.java:23)
at TestNG_sample_codes.AmazonSearchProduct.SearchTextAmazon(AmazonSearchProduct.java:23)
at TestNG_sample_codes.AmazonSearchProduct.SearchTextAmazon(AmazonSearchProduct.java:23)
at TestNG_sample_codes.AmazonSearchProduct.SearchTextAmazon(AmazonSearchProduct.java:23)
at TestNG_sample_codes.AmazonSearchProduct.SearchTextAmazon(AmazonSearchProduct.java:23)
at TestNG_sample_codes.AmazonSearchProduct.SearchTextAmazon(AmazonSearchProduct.java:23)
at TestNG_sample_codes.AmazonSearchProduct.SearchTextAmazon(AmazonSearchProduct.java:23)
at TestNG_sample_codes.AmazonSearchProduct.SearchTextAmazon(AmazonSearchProduct.java:23)
at TestNG_sample_codes.AmazonSearchProduct.SearchTextAmazon(AmazonSearchProduct.java:23)
at TestNG_sample_codes.AmazonSearchProduct.SearchTextAmazon(AmazonSearchProduct.java:23)
at TestNG_sample_codes.AmazonSearchProduct.SearchTextAmazon(AmazonSearchProduct.java:23)
at TestNG_sample_codes.AmazonSearchProduct.SearchTextAmazon(AmazonSearchProduct.java:23)
at TestNG_sample_codes.AmazonSearchProduct.SearchTextAmazon(AmazonSearchProduct.java:23)
at TestNG_sample_codes.AmazonSearchProduct.SearchTextAmazon(AmazonSearchProduct.java:23)
at TestNG_sample_codes.AmazonSearchProduct.SearchTextAmazon(AmazonSearchProduct.java:23)
at TestNG_sample_codes.AmazonSearchProduct.SearchTextAmazon(AmazonSearchProduct.java:23)
at TestNG_sample_codes.AmazonSearchProduct.SearchTextAmazon(AmazonSearchProduct.java:23)
at TestNG_sample_codes.AmazonSearchProduct.SearchTextAmazon(AmazonSearchProduct.java:23)
at TestNG_sample_codes.AmazonSearchProduct.SearchTextAmazon(AmazonSearchProduct.java:23)
at TestNG_sample_codes.AmazonSearchProduct.SearchTextAmazon(AmazonSearchProduct.java:23)
at TestNG_sample_codes.AmazonSearchProduct.SearchTextAmazon(AmazonSearchProduct.java:23)
at TestNG_sample_codes.AmazonSearchProduct.SearchTextAmazon(AmazonSearchProduct.java:23)
at TestNG_sample_codes.AmazonSearchProduct.SearchTextAmazon(AmazonSearchProduct.java:23)
at TestNG_sample_codes.AmazonSearchProduct.SearchTextAmazon(AmazonSearchProduct.java:23)
at TestNG_sample_codes.AmazonSearchProduct.SearchTextAmazon(AmazonSearchProduct.java:23)
at TestNG_sample_codes.AmazonSearchProduct.SearchTextAmazon(AmazonSearchProduct.java:23)
at TestNG_sample_codes.AmazonSearchProduct.SearchTextAmazon(AmazonSearchProduct.java:23)
at TestNG_sample_codes.AmazonSearchProduct.SearchTextAmazon(AmazonSearchProduct.java:23)
at TestNG_sample_codes.AmazonSearchProduct.SearchTextAmazon(AmazonSearchProduct.java:23)
at TestNG_sample_codes.AmazonSearchProduct.SearchTextAmazon(AmazonSearchProduct.java:23)
at TestNG_sample_codes.AmazonSearchProduct.SearchTextAmazon(AmazonSearchProduct.java:23)
at TestNG_sample_codes.AmazonSearchProduct.SearchTextAmazon(AmazonSearchProduct.java:23)
at TestNG_sample_codes.AmazonSearchProduct.SearchTextAmazon(AmazonSearchProduct.java:23)
at TestNG_sample_codes.AmazonSearchProduct.SearchTextAmazon(AmazonSearchProduct.java:23)
at TestNG_sample_codes.AmazonSearchProduct.SearchTextAmazon(AmazonSearchProduct.java:23)
at TestNG_sample_codes.AmazonSearchProduct.SearchTextAmazon(AmazonSearchProduct.java:23)
at TestNG_sample_codes.AmazonSearchProduct.SearchTextAmazon(AmazonSearchProduct.java:23)
at TestNG_sample_codes.AmazonSearchProduct.SearchTextAmazon(AmazonSearchProduct.java:23)
at TestNG_sample_codes.AmazonSearchProduct.SearchTextAmazon(AmazonSearchProduct.java:23)
at TestNG_sample_codes.AmazonSearchProduct.SearchTextAmazon(AmazonSearchProduct.java:23)
at TestNG_sample_codes.AmazonSearchProduct.SearchTextAmazon(AmazonSearchProduct.java:23)
at TestNG_sample_codes.AmazonSearchProduct.SearchTextAmazon(AmazonSearchProduct.java:23)
at TestNG_sample_codes.AmazonSearchProduct.SearchTextAmazon(AmazonSearchProduct.java:23)
at TestNG_sample_codes.AmazonSearchProduct.SearchTextAmazon(AmazonSearchProduct.java:23)
at TestNG_sample_codes.AmazonSearchProduct.SearchTextAmazon(AmazonSearchProduct.java:23)
at TestNG_sample_codes.AmazonSearchProduct.SearchTextAmazon(AmazonSearchProduct.java:23)
at TestNG_sample_codes.AmazonSearchProduct.SearchTextAmazon(AmazonSearchProduct.java:23)
at TestNG_sample_codes.AmazonSearchProduct.SearchTextAmazon(AmazonSearchProduct.java:23)
at TestNG_sample_codes.AmazonSearchProduct.SearchTextAmazon(AmazonSearchProduct.java:23)
at TestNG_sample_codes.AmazonSearchProduct.SearchTextAmazon(AmazonSearchProduct.java:23)
at TestNG_sample_codes.AmazonSearchProduct.SearchTextAmazon(AmazonSearchProduct.java:23)
at TestNG_sample_codes.AmazonSearchProduct.SearchTextAmazon(AmazonSearchProduct.java:23)
at TestNG_sample_codes.AmazonSearchProduct.SearchTextAmazon(AmazonSearchProduct.java:23)
at TestNG_sample_codes.AmazonSearchProduct.SearchTextAmazon(AmazonSearchProduct.java:23)
at TestNG_sample_codes.AmazonSearchProduct.SearchTextAmazon(AmazonSearchProduct.java:23)
at TestNG_sample_codes.AmazonSearchProduct.SearchTextAmazon(AmazonSearchProduct.java:23)
at TestNG_sample_codes.AmazonSearchProduct.SearchTextAmazon(AmazonSearchProduct.java:23)
at TestNG_sample_codes.AmazonSearchProduct.SearchTextAmazon(AmazonSearchProduct.java:23)
at TestNG_sample_codes.AmazonSearchProduct.SearchTextAmazon(AmazonSearchProduct.java:23)
at TestNG_sample_codes.AmazonSearchProduct.SearchTextAmazon(AmazonSearchProduct.java:23)
at TestNG_sample_codes.AmazonSearchProduct.SearchTextAmazon(AmazonSearchProduct.java:23)
at TestNG_sample_codes.AmazonSearchProduct.SearchTextAmazon(AmazonSearchProduct.java:23)
at TestNG_sample_codes.AmazonSearchProduct.SearchTextAmazon(AmazonSearchProduct.java:23)
at TestNG_sample_codes.AmazonSearchProduct.SearchTextAmazon(AmazonSearchProduct.java:23)
at TestNG_sample_codes.AmazonSearchProduct.SearchTextAmazon(AmazonSearchProduct.java:23)
at TestNG_sample_codes.AmazonSearchProduct.SearchTextAmazon(AmazonSearchProduct.java:23)
at TestNG_sample_codes.AmazonSearchProduct.SearchTextAmazon(AmazonSearchProduct.java:23)
at TestNG_sample_codes.AmazonSearchProduct.SearchTextAmazon(AmazonSearchProduct.java:23)
at TestNG_sample_codes.AmazonSearchProduct.SearchTextAmazon(AmazonSearchProduct.java:23)
at TestNG_sample_codes.AmazonSearchProduct.SearchTextAmazon(AmazonSearchProduct.java:23)
at TestNG_sample_codes.AmazonSearchProduct.SearchTextAmazon(AmazonSearchProduct.java:23)
at TestNG_sample_codes.AmazonSearchProduct.SearchTextAmazon(AmazonSearchProduct.java:23)
at TestNG_sample_codes.AmazonSearchProduct.SearchTextAmazon(AmazonSearchProduct.java:23)
at TestNG_sample_codes.AmazonSearchProduct.SearchTextAmazon(AmazonSearchProduct.java:23)
at TestNG_sample_codes.AmazonSearchProduct.SearchTextAmazon(AmazonSearchProduct.java:23)
at TestNG_sample_codes.AmazonSearchProduct.SearchTextAmazon(AmazonSearchProduct.java:23)
at TestNG_sample_codes.AmazonSearchProduct.SearchTextAmazon(AmazonSearchProduct.java:23)
at TestNG_sample_codes.AmazonSearchProduct.SearchTextAmazon(AmazonSearchProduct.java:23)
at TestNG_sample_codes.AmazonSearchProduct.SearchTextAmazon(AmazonSearchProduct.java:23)
at TestNG_sample_codes.AmazonSearchProduct.SearchTextAmazon(AmazonSearchProduct.java:23)
at TestNG_sample_codes.AmazonSearchProduct.SearchTextAmazon(AmazonSearchProduct.java:23)
at TestNG_sample_codes.AmazonSearchProduct.SearchTextAmazon(AmazonSearchProduct.java:23)
at TestNG_sample_codes.AmazonSearchProduct.SearchTextAmazon(AmazonSearchProduct.java:23)
at TestNG_sample_codes.AmazonSearchProduct.SearchTextAmazon(AmazonSearchProduct.java:23)
at TestNG_sample_codes.AmazonSearchProduct.SearchTextAmazon(AmazonSearchProduct.java:23)
at TestNG_sample_codes.AmazonSearchProduct.SearchTextAmazon(AmazonSearchProduct.java:23)
at TestNG_sample_codes.AmazonSearchProduct.SearchTextAmazon(AmazonSearchProduct.java:23)
at TestNG_sample_codes.AmazonSearchProduct.SearchTextAmazon(AmazonSearchProduct.java:23)
at TestNG_sample_codes.AmazonSearchProduct.SearchTextAmazon(AmazonSearchProduct.java:23)
at TestNG_sample_codes.AmazonSearchProduct.SearchTextAmazon(AmazonSearchProduct.java:23)
at TestNG_sample_codes.AmazonSearchProduct.SearchTextAmazon(AmazonSearchProduct.java:23)
at TestNG_sample_codes.AmazonSearchProduct.SearchTextAmazon(AmazonSearchProduct.java:23)
at TestNG_sample_codes.AmazonSearchProduct.SearchTextAmazon(AmazonSearchProduct.java:23)
at TestNG_sample_codes.AmazonSearchProduct.SearchTextAmazon(AmazonSearchProduct.java:23)
at TestNG_sample_codes.AmazonSearchProduct.SearchTextAmazon(AmazonSearchProduct.java:23)
at TestNG_sample_codes.AmazonSearchProduct.SearchTextAmazon(AmazonSearchProduct.java:23)
at TestNG_sample_codes.AmazonSearchProduct.SearchTextAmazon(AmazonSearchProduct.java:23)
at TestNG_sample_codes.AmazonSearchProduct.SearchTextAmazon(AmazonSearchProduct.java:23)
at TestNG_sample_codes.AmazonSearchProduct.SearchTextAmazon(AmazonSearchProduct.java:23)
at TestNG_sample_codes.AmazonSearchProduct.SearchTextAmazon(AmazonSearchProduct.java:23)
at TestNG_sample_codes.AmazonSearchProduct.SearchTextAmazon(AmazonSearchProduct.java:23)
at TestNG_sample_codes.AmazonSearchProduct.SearchTextAmazon(AmazonSearchProduct.java:23)
at TestNG_sample_codes.AmazonSearchProduct.SearchTextAmazon(AmazonSearchProduct.java:23)
at TestNG_sample_codes.AmazonSearchProduct.SearchTextAmazon(AmazonSearchProduct.java:23)
at TestNG_sample_codes.AmazonSearchProduct.SearchTextAmazon(AmazonSearchProduct.java:23)
at TestNG_sample_codes.AmazonSearchProduct.SearchTextAmazon(AmazonSearchProduct.java:23)
at TestNG_sample_codes.AmazonSearchProduct.SearchTextAmazon(AmazonSearchProduct.java:23)
at TestNG_sample_codes.AmazonSearchProduct.SearchTextAmazon(AmazonSearchProduct.java:23)
at TestNG_sample_codes.AmazonSearchProduct.SearchTextAmazon(AmazonSearchProduct.java:23)
at TestNG_sample_codes.AmazonSearchProduct.SearchTextAmazon(AmazonSearchProduct.java:23)
at TestNG_sample_codes.AmazonSearchProduct.SearchTextAmazon(AmazonSearchProduct.java:23)
at TestNG_sample_codes.AmazonSearchProduct.SearchTextAmazon(AmazonSearchProduct.java:23)
at TestNG_sample_codes.AmazonSearchProduct.SearchTextAmazon(AmazonSearchProduct.java:23)
at TestNG_sample_codes.AmazonSearchProduct.SearchTextAmazon(AmazonSearchProduct.java:23)
at TestNG_sample_codes.AmazonSearchProduct.SearchTextAmazon(AmazonSearchProduct.java:23)
at TestNG_sample_codes.AmazonSearchProduct.SearchTextAmazon(AmazonSearchProduct.java:23)
at TestNG_sample_codes.AmazonSearchProduct.SearchTextAmazon(AmazonSearchProduct.java:23)
at TestNG_sample_codes.AmazonSearchProduct.SearchTextAmazon(AmazonSearchProduct.java:23)
at TestNG_sample_codes.AmazonSearchProduct.SearchTextAmazon(AmazonSearchProduct.java:23)
at TestNG_sample_codes.AmazonSearchProduct.SearchTextAmazon(AmazonSearchProduct.java:23)
at TestNG_sample_codes.AmazonSearchProduct.SearchTextAmazon(AmazonSearchProduct.java:23)
at TestNG_sample_codes.AmazonSearchProduct.SearchTextAmazon(AmazonSearchProduct.java:23)
at TestNG_sample_codes.AmazonSearchProduct.SearchTextAmazon(AmazonSearchProduct.java:23)
at TestNG_sample_codes.AmazonSearchProduct.SearchTextAmazon(AmazonSearchProduct.java:23)
at TestNG_sample_codes.AmazonSearchProduct.SearchTextAmazon(AmazonSearchProduct.java:23)
at TestNG_sample_codes.AmazonSearchProduct.SearchTextAmazon(AmazonSearchProduct.java:23)
at TestNG_sample_codes.AmazonSearchProduct.SearchTextAmazon(AmazonSearchProduct.java:23)
at TestNG_sample_codes.AmazonSearchProduct.SearchTextAmazon(AmazonSearchProduct.java:23)
at TestNG_sample_codes.AmazonSearchProduct.SearchTextAmazon(AmazonSearchProduct.java:23)
at TestNG_sample_codes.AmazonSearchProduct.SearchTextAmazon(AmazonSearchProduct.java:23)
at TestNG_sample_codes.AmazonSearchProduct.SearchTextAmazon(AmazonSearchProduct.java:23)
at TestNG_sample_codes.AmazonSearchProduct.SearchTextAmazon(AmazonSearchProduct.java:23)
at TestNG_sample_codes.AmazonSearchProduct.SearchTextAmazon(AmazonSearchProduct.java:23)
at TestNG_sample_codes.AmazonSearchProduct.SearchTextAmazon(AmazonSearchProduct.java:23)
at TestNG_sample_codes.AmazonSearchProduct.SearchTextAmazon(AmazonSearchProduct.java:23)
at TestNG_sample_codes.AmazonSearchProduct.SearchTextAmazon(AmazonSearchProduct.java:23)
at TestNG_sample_codes.AmazonSearchProduct.SearchTextAmazon(AmazonSearchProduct.java:23)
at TestNG_sample_codes.AmazonSearchProduct.SearchTextAmazon(AmazonSearchProduct.java:23)
at TestNG_sample_codes.AmazonSearchProduct.SearchTextAmazon(AmazonSearchProduct.java:23)
at TestNG_sample_codes.AmazonSearchProduct.SearchTextAmazon(AmazonSearchProduct.java:23)
at TestNG_sample_codes.AmazonSearchProduct.SearchTextAmazon(AmazonSearchProduct.java:23)
at TestNG_sample_codes.AmazonSearchProduct.SearchTextAmazon(AmazonSearchProduct.java:23)
at TestNG_sample_codes.AmazonSearchProduct.SearchTextAmazon(AmazonSearchProduct.java:23)
at TestNG_sample_codes.AmazonSearchProduct.SearchTextAmazon(AmazonSearchProduct.java:23)
at TestNG_sample_codes.AmazonSearchProduct.SearchTextAmazon(AmazonSearchProduct.java:23)
at TestNG_sample_codes.AmazonSearchProduct.SearchTextAmazon(AmazonSearchProduct.java:23)
at TestNG_sample_codes.AmazonSearchProduct.SearchTextAmazon(AmazonSearchProduct.java:23)
at TestNG_sample_codes.AmazonSearchProduct.SearchTextAmazon(AmazonSearchProduct.java:23)
at TestNG_sample_codes.AmazonSearchProduct.SearchTextAmazon(AmazonSearchProduct.java:23)
at TestNG_sample_codes.AmazonSearchProduct.SearchTextAmazon(AmazonSearchProduct.java:23)
at TestNG_sample_codes.AmazonSearchProduct.SearchTextAmazon(AmazonSearchProduct.java:23)
at TestNG_sample_codes.AmazonSearchProduct.SearchTextAmazon(AmazonSearchProduct.java:23)
at TestNG_sample_codes.AmazonSearchProduct.SearchTextAmazon(AmazonSearchProduct.java:23)
at TestNG_sample_codes.AmazonSearchProduct.SearchTextAmazon(AmazonSearchProduct.java:23)
at TestNG_sample_codes.AmazonSearchProduct.SearchTextAmazon(AmazonSearchProduct.java:23)
at TestNG_sample_codes.AmazonSearchProduct.SearchTextAmazon(AmazonSearchProduct.java:23)
at TestNG_sample_codes.AmazonSearchProduct.SearchTextAmazon(AmazonSearchProduct.java:23)
at TestNG_sample_codes.AmazonSearchProduct.SearchTextAmazon(AmazonSearchProduct.java:23)
at TestNG_sample_codes.AmazonSearchProduct.SearchTextAmazon(AmazonSearchProduct.java:23)
at TestNG_sample_codes.AmazonSearchProduct.SearchTextAmazon(AmazonSearchProduct.java:23)
at TestNG_sample_codes.AmazonSearchProduct.SearchTextAmazon(AmazonSearchProduct.java:23)
at TestNG_sample_codes.AmazonSearchProduct.SearchTextAmazon(AmazonSearchProduct.java:23)
at TestNG_sample_codes.AmazonSearchProduct.SearchTextAmazon(AmazonSearchProduct.java:23)
at TestNG_sample_codes.AmazonSearchProduct.SearchTextAmazon(AmazonSearchProduct.java:23)
at TestNG_sample_codes.AmazonSearchProduct.SearchTextAmazon(AmazonSearchProduct.java:23)
at TestNG_sample_codes.AmazonSearchProduct.SearchTextAmazon(AmazonSearchProduct.java:23)
at TestNG_sample_codes.AmazonSearchProduct.SearchTextAmazon(AmazonSearchProduct.java:23)
at TestNG_sample_codes.AmazonSearchProduct.SearchTextAmazon(AmazonSearchProduct.java:23)
at TestNG_sample_codes.AmazonSearchProduct.SearchTextAmazon(AmazonSearchProduct.java:23)
at TestNG_sample_codes.AmazonSearchProduct.SearchTextAmazon(AmazonSearchProduct.java:23)
at TestNG_sample_codes.AmazonSearchProduct.SearchTextAmazon(AmazonSearchProduct.java:23)
at TestNG_sample_codes.AmazonSearchProduct.SearchTextAmazon(AmazonSearchProduct.java:23)
at TestNG_sample_codes.AmazonSearchProduct.SearchTextAmazon(AmazonSearchProduct.java:23)
at TestNG_sample_codes.AmazonSearchProduct.SearchTextAmazon(AmazonSearchProduct.java:23)
at TestNG_sample_codes.AmazonSearchProduct.SearchTextAmazon(AmazonSearchProduct.java:23)
at TestNG_sample_codes.AmazonSearchProduct.SearchTextAmazon(AmazonSearchProduct.java:23)
at TestNG_sample_codes.AmazonSearchProduct.SearchTextAmazon(AmazonSearchProduct.java:23)
at TestNG_sample_codes.AmazonSearchProduct.SearchTextAmazon(AmazonSearchProduct.java:23)
at TestNG_sample_codes.AmazonSearchProduct.SearchTextAmazon(AmazonSearchProduct.java:23)
at TestNG_sample_codes.AmazonSearchProduct.SearchTextAmazon(AmazonSearchProduct.java:23)
at TestNG_sample_codes.AmazonSearchProduct.SearchTextAmazon(AmazonSearchProduct.java:23)
at TestNG_sample_codes.AmazonSearchProduct.SearchTextAmazon(AmazonSearchProduct.java:23)
at TestNG_sample_codes.AmazonSearchProduct.SearchTextAmazon(AmazonSearchProduct.java:23)
at TestNG_sample_codes.AmazonSearchProduct.SearchTextAmazon(AmazonSearchProduct.java:23)
at TestNG_sample_codes.AmazonSearchProduct.SearchTextAmazon(AmazonSearchProduct.java:23)
at TestNG_sample_codes.AmazonSearchProduct.SearchTextAmazon(AmazonSearchProduct.java:23)
at TestNG_sample_codes.AmazonSearchProduct.SearchTextAmazon(AmazonSearchProduct.java:23)
at TestNG_sample_codes.AmazonSearchProduct.SearchTextAmazon(AmazonSearchProduct.java:23)
at TestNG_sample_codes.AmazonSearchProduct.SearchTextAmazon(AmazonSearchProduct.java:23)
at TestNG_sample_codes.AmazonSearchProduct.SearchTextAmazon(AmazonSearchProduct.java:23)
at TestNG_sample_codes.AmazonSearchProduct.SearchTextAmazon(AmazonSearchProduct.java:23)
at TestNG_sample_codes.AmazonSearchProduct.SearchTextAmazon(AmazonSearchProduct.java:23)
at TestNG_sample_codes.AmazonSearchProduct.SearchTextAmazon(AmazonSearchProduct.java:23)
at TestNG_sample_codes.AmazonSearchProduct.SearchTextAmazon(AmazonSearchProduct.java:23)
at TestNG_sample_codes.AmazonSearchProduct.SearchTextAmazon(AmazonSearchProduct.java:23)
at TestNG_sample_codes.AmazonSearchProduct.SearchTextAmazon(AmazonSearchProduct.java:23)
at TestNG_sample_codes.AmazonSearchProduct.SearchTextAmazon(AmazonSearchProduct.java:23)
at TestNG_sample_codes.AmazonSearchProduct.SearchTextAmazon(AmazonSearchProduct.java:23)
at TestNG_sample_codes.AmazonSearchProduct.SearchTextAmazon(AmazonSearchProduct.java:23)
at TestNG_sample_codes.AmazonSearchProduct.SearchTextAmazon(AmazonSearchProduct.java:23)
at TestNG_sample_codes.AmazonSearchProduct.SearchTextAmazon(AmazonSearchProduct.java:23)
at TestNG_sample_codes.AmazonSearchProduct.SearchTextAmazon(AmazonSearchProduct.java:23)
at TestNG_sample_codes.AmazonSearchProduct.SearchTextAmazon(AmazonSearchProduct.java:23)
at TestNG_sample_codes.AmazonSearchProduct.SearchTextAmazon(AmazonSearchProduct.java:23)
at TestNG_sample_codes.AmazonSearchProduct.SearchTextAmazon(AmazonSearchProduct.java:23)
at TestNG_sample_codes.AmazonSearchProduct.SearchTextAmazon(AmazonSearchProduct.java:23)
at TestNG_sample_codes.AmazonSearchProduct.SearchTextAmazon(AmazonSearchProduct.java:23)
at TestNG_sample_codes.AmazonSearchProduct.SearchTextAmazon(AmazonSearchProduct.java:23)
at TestNG_sample_codes.AmazonSearchProduct.SearchTextAmazon(AmazonSearchProduct.java:23)
at TestNG_sample_codes.AmazonSearchProduct.SearchTextAmazon(AmazonSearchProduct.java:23)
at TestNG_sample_codes.AmazonSearchProduct.SearchTextAmazon(AmazonSearchProduct.java:23)
at TestNG_sample_codes.AmazonSearchProduct.SearchTextAmazon(AmazonSearchProduct.java:23)
at TestNG_sample_codes.AmazonSearchProduct.SearchTextAmazon(AmazonSearchProduct.java:23)
at TestNG_sample_codes.AmazonSearchProduct.SearchTextAmazon(AmazonSearchProduct.java:23)
at TestNG_sample_codes.AmazonSearchProduct.SearchTextAmazon(AmazonSearchProduct.java:23)
at TestNG_sample_codes.AmazonSearchProduct.SearchTextAmazon(AmazonSearchProduct.java:23)
at TestNG_sample_codes.AmazonSearchProduct.SearchTextAmazon(AmazonSearchProduct.java:23)
at TestNG_sample_codes.AmazonSearchProduct.SearchTextAmazon(AmazonSearchProduct.java:23)
at TestNG_sample_codes.AmazonSearchProduct.SearchTextAmazon(AmazonSearchProduct.java:23)
at TestNG_sample_codes.AmazonSearchProduct.SearchTextAmazon(AmazonSearchProduct.java:23)
at TestNG_sample_codes.AmazonSearchProduct.SearchTextAmazon(AmazonSearchProduct.java:23)
at TestNG_sample_codes.AmazonSearchProduct.SearchTextAmazon(AmazonSearchProduct.java:23)
at TestNG_sample_codes.AmazonSearchProduct.SearchTextAmazon(AmazonSearchProduct.java:23)
at TestNG_sample_codes.AmazonSearchProduct.SearchTextAmazon(AmazonSearchProduct.java:23)
at TestNG_sample_codes.AmazonSearchProduct.SearchTextAmazon(AmazonSearchProduct.java:23)
at TestNG_sample_codes.AmazonSearchProduct.SearchTextAmazon(AmazonSearchProduct.java:23)
at TestNG_sample_codes.AmazonSearchProduct.SearchTextAmazon(AmazonSearchProduct.java:23)
]]>
    </error>
  </testcase> <!-- SearchProduct -->
  <system-out/>
</testsuite> <!-- TestNG_sample_codes.KahlsSearch -->
