<?xml version="1.0" encoding="UTF-8"?>
<!-- Generated by org.testng.reporters.JUnitReportReporter -->
<testsuite hostname="LIN30000668" failures="0" tests="1" name="TestNG_sample_codes.TestNg_sample1" time="19.331" errors="0" timestamp="2022-07-14T12:44:51 IST" skipped="0">
  <testcase classname="TestNG_sample_codes.TestNg_sample1" name="Test1" time="19.331"/>
  <system-out/>
</testsuite> <!-- TestNG_sample_codes.TestNg_sample1 -->
