<?xml version="1.0" encoding="UTF-8"?>
<!-- Generated by org.testng.reporters.JUnitReportReporter -->
<testsuite hostname="LIN30000668" failures="0" tests="1" name="TestNG_sample_codes.AmazonSearch" time="2.835" errors="0" timestamp="2022-07-15T10:31:58 IST" skipped="0">
  <testcase classname="TestNG_sample_codes.AmazonSearch" name="SearchProduct" time="2.835"/>
  <system-out/>
</testsuite> <!-- TestNG_sample_codes.AmazonSearch -->
