<?xml version="1.0" encoding="UTF-8"?>
<!-- Generated by org.testng.reporters.JUnitReportReporter -->
<testsuite hostname="Admin-PC" failures="0" tests="1" name="Test.googlepage" time="2.829" errors="0" timestamp="2022-04-13T18:49:04 IST" skipped="0">
  <testcase classname="Test.googlepage" name="initialize" time="2.829"/>
  <system-out/>
</testsuite> <!-- Test.googlepage -->
